mode: atomic
github.com/libopenstorage/cloudops/aws/storagemanager/aws.go:31.36,35.2 1 1
github.com/libopenstorage/cloudops/aws/storagemanager/aws.go:39.50,41.54 2 12
github.com/libopenstorage/cloudops/aws/storagemanager/aws.go:66.2,66.22 1 11
github.com/libopenstorage/cloudops/aws/storagemanager/aws.go:41.54,51.17 2 13
github.com/libopenstorage/cloudops/aws/storagemanager/aws.go:54.3,63.4 1 12
github.com/libopenstorage/cloudops/aws/storagemanager/aws.go:51.17,53.4 1 1
github.com/libopenstorage/cloudops/aws/storagemanager/aws.go:70.91,72.16 2 12
github.com/libopenstorage/cloudops/aws/storagemanager/aws.go:75.2,75.51 1 11
github.com/libopenstorage/cloudops/aws/storagemanager/aws.go:78.2,79.18 2 11
github.com/libopenstorage/cloudops/aws/storagemanager/aws.go:72.16,74.3 1 1
github.com/libopenstorage/cloudops/aws/storagemanager/aws.go:75.51,77.3 1 0
github.com/libopenstorage/cloudops/aws/storagemanager/aws.go:82.133,83.43 1 23
github.com/libopenstorage/cloudops/aws/storagemanager/aws.go:89.2,89.20 1 2
github.com/libopenstorage/cloudops/aws/storagemanager/aws.go:83.43,85.3 1 19
github.com/libopenstorage/cloudops/aws/storagemanager/aws.go:85.8,85.50 1 4
github.com/libopenstorage/cloudops/aws/storagemanager/aws.go:85.50,88.3 1 2
github.com/libopenstorage/cloudops/aws/storagemanager/aws.go:92.13,94.2 1 1
github.com/libopenstorage/cloudops/azure/storagemanager/azure.go:19.36,23.2 1 1
github.com/libopenstorage/cloudops/azure/storagemanager/azure.go:27.50,29.54 2 10
github.com/libopenstorage/cloudops/azure/storagemanager/azure.go:54.2,54.22 1 9
github.com/libopenstorage/cloudops/azure/storagemanager/azure.go:29.54,39.17 2 11
github.com/libopenstorage/cloudops/azure/storagemanager/azure.go:42.3,51.4 1 10
github.com/libopenstorage/cloudops/azure/storagemanager/azure.go:39.17,41.4 1 1
github.com/libopenstorage/cloudops/azure/storagemanager/azure.go:58.91,60.16 2 16
github.com/libopenstorage/cloudops/azure/storagemanager/azure.go:63.2,63.51 1 13
github.com/libopenstorage/cloudops/azure/storagemanager/azure.go:66.2,67.18 2 13
github.com/libopenstorage/cloudops/azure/storagemanager/azure.go:60.16,62.3 1 3
github.com/libopenstorage/cloudops/azure/storagemanager/azure.go:63.51,65.3 1 0
github.com/libopenstorage/cloudops/azure/storagemanager/azure.go:70.74,72.2 1 23
github.com/libopenstorage/cloudops/azure/storagemanager/azure.go:74.13,76.2 1 1
github.com/libopenstorage/cloudops/backoff/exponential.go:34.16,36.2 1 0
github.com/libopenstorage/cloudops/backoff/exponential.go:53.50,55.2 1 0
github.com/libopenstorage/cloudops/backoff/exponential.go:57.97,62.38 2 0
github.com/libopenstorage/cloudops/backoff/exponential.go:67.2,68.35 2 0
github.com/libopenstorage/cloudops/backoff/exponential.go:71.2,71.30 1 0
github.com/libopenstorage/cloudops/backoff/exponential.go:62.38,66.3 3 0
github.com/libopenstorage/cloudops/backoff/exponential.go:68.35,70.3 1 0
github.com/libopenstorage/cloudops/backoff/exponential.go:75.118,80.38 2 0
github.com/libopenstorage/cloudops/backoff/exponential.go:85.2,86.35 2 0
github.com/libopenstorage/cloudops/backoff/exponential.go:89.2,89.35 1 0
github.com/libopenstorage/cloudops/backoff/exponential.go:80.38,84.3 3 0
github.com/libopenstorage/cloudops/backoff/exponential.go:86.35,88.3 1 0
github.com/libopenstorage/cloudops/backoff/exponential.go:94.31,98.38 2 0
github.com/libopenstorage/cloudops/backoff/exponential.go:102.2,103.35 2 0
github.com/libopenstorage/cloudops/backoff/exponential.go:106.2,106.16 1 0
github.com/libopenstorage/cloudops/backoff/exponential.go:98.38,101.3 2 0
github.com/libopenstorage/cloudops/backoff/exponential.go:103.35,105.3 1 0
github.com/libopenstorage/cloudops/backoff/exponential.go:110.93,114.38 2 0
github.com/libopenstorage/cloudops/backoff/exponential.go:118.2,119.35 2 0
github.com/libopenstorage/cloudops/backoff/exponential.go:122.2,122.16 1 0
github.com/libopenstorage/cloudops/backoff/exponential.go:114.38,117.3 2 0
github.com/libopenstorage/cloudops/backoff/exponential.go:119.35,121.3 1 0
github.com/libopenstorage/cloudops/backoff/exponential.go:128.31,132.38 2 0
github.com/libopenstorage/cloudops/backoff/exponential.go:136.2,137.35 2 0
github.com/libopenstorage/cloudops/backoff/exponential.go:140.2,140.16 1 0
github.com/libopenstorage/cloudops/backoff/exponential.go:132.38,135.3 2 0
github.com/libopenstorage/cloudops/backoff/exponential.go:137.35,139.3 1 0
github.com/libopenstorage/cloudops/backoff/exponential.go:144.90,149.38 2 0
github.com/libopenstorage/cloudops/backoff/exponential.go:153.2,154.35 2 0
github.com/libopenstorage/cloudops/backoff/exponential.go:157.2,157.23 1 0
github.com/libopenstorage/cloudops/backoff/exponential.go:149.38,152.3 2 0
github.com/libopenstorage/cloudops/backoff/exponential.go:154.35,156.3 1 0
github.com/libopenstorage/cloudops/backoff/exponential.go:160.90,165.38 2 0
github.com/libopenstorage/cloudops/backoff/exponential.go:169.2,170.35 2 0
github.com/libopenstorage/cloudops/backoff/exponential.go:173.2,173.23 1 0
github.com/libopenstorage/cloudops/backoff/exponential.go:165.38,168.3 2 0
github.com/libopenstorage/cloudops/backoff/exponential.go:170.35,172.3 1 0
github.com/libopenstorage/cloudops/backoff/exponential.go:177.106,181.38 2 0
github.com/libopenstorage/cloudops/backoff/exponential.go:186.2,187.35 2 0
github.com/libopenstorage/cloudops/backoff/exponential.go:190.2,190.16 1 0
github.com/libopenstorage/cloudops/backoff/exponential.go:181.38,185.3 3 0
github.com/libopenstorage/cloudops/backoff/exponential.go:187.35,189.3 1 0
github.com/libopenstorage/cloudops/backoff/exponential.go:195.106,200.38 2 0
github.com/libopenstorage/cloudops/backoff/exponential.go:205.2,206.35 2 0
github.com/libopenstorage/cloudops/backoff/exponential.go:209.2,209.23 1 0
github.com/libopenstorage/cloudops/backoff/exponential.go:200.38,204.3 3 0
github.com/libopenstorage/cloudops/backoff/exponential.go:206.35,208.3 1 0
github.com/libopenstorage/cloudops/backoff/exponential.go:214.80,216.2 1 0
github.com/libopenstorage/cloudops/backoff/exponential.go:220.97,225.38 2 0
github.com/libopenstorage/cloudops/backoff/exponential.go:230.2,231.35 2 0
github.com/libopenstorage/cloudops/backoff/exponential.go:234.2,234.25 1 0
github.com/libopenstorage/cloudops/backoff/exponential.go:225.38,229.3 3 0
github.com/libopenstorage/cloudops/backoff/exponential.go:231.35,233.3 1 0
github.com/libopenstorage/cloudops/backoff/exponential.go:238.60,242.38 2 0
github.com/libopenstorage/cloudops/backoff/exponential.go:247.2,248.35 2 0
github.com/libopenstorage/cloudops/backoff/exponential.go:251.2,251.16 1 0
github.com/libopenstorage/cloudops/backoff/exponential.go:242.38,246.3 3 0
github.com/libopenstorage/cloudops/backoff/exponential.go:248.35,250.3 1 0
github.com/libopenstorage/cloudops/backoff/exponential.go:255.76,259.38 2 0
github.com/libopenstorage/cloudops/backoff/exponential.go:264.2,265.35 2 0
github.com/libopenstorage/cloudops/backoff/exponential.go:268.2,268.16 1 0
github.com/libopenstorage/cloudops/backoff/exponential.go:259.38,263.3 3 0
github.com/libopenstorage/cloudops/backoff/exponential.go:265.35,267.3 1 0
github.com/libopenstorage/cloudops/backoff/exponential.go:272.60,276.38 2 0
github.com/libopenstorage/cloudops/backoff/exponential.go:281.2,282.35 2 0
github.com/libopenstorage/cloudops/backoff/exponential.go:285.2,285.16 1 0
github.com/libopenstorage/cloudops/backoff/exponential.go:276.38,280.3 3 0
github.com/libopenstorage/cloudops/backoff/exponential.go:282.35,284.3 1 0
github.com/libopenstorage/cloudops/backoff/exponential.go:289.76,293.38 2 0
github.com/libopenstorage/cloudops/backoff/exponential.go:298.2,299.35 2 0
github.com/libopenstorage/cloudops/backoff/exponential.go:302.2,302.16 1 0
github.com/libopenstorage/cloudops/backoff/exponential.go:293.38,297.3 3 0
github.com/libopenstorage/cloudops/backoff/exponential.go:299.35,301.3 1 0
github.com/libopenstorage/cloudops/backoff/exponential.go:306.62,311.38 2 0
github.com/libopenstorage/cloudops/backoff/exponential.go:316.2,317.35 2 0
github.com/libopenstorage/cloudops/backoff/exponential.go:320.2,320.26 1 0
github.com/libopenstorage/cloudops/backoff/exponential.go:311.38,315.3 3 0
github.com/libopenstorage/cloudops/backoff/exponential.go:317.35,319.3 1 0
github.com/libopenstorage/cloudops/backoff/exponential.go:326.118,328.2 1 0
github.com/libopenstorage/cloudops/backoff/exponential.go:331.82,336.38 2 0
github.com/libopenstorage/cloudops/backoff/exponential.go:341.2,342.35 2 0
github.com/libopenstorage/cloudops/backoff/exponential.go:345.2,345.25 1 0
github.com/libopenstorage/cloudops/backoff/exponential.go:336.38,340.3 3 0
github.com/libopenstorage/cloudops/backoff/exponential.go:342.35,344.3 1 0
github.com/libopenstorage/cloudops/backoff/exponential.go:349.74,354.38 2 0
github.com/libopenstorage/cloudops/backoff/exponential.go:359.2,360.35 2 0
github.com/libopenstorage/cloudops/backoff/exponential.go:363.2,363.26 1 0
github.com/libopenstorage/cloudops/backoff/exponential.go:354.38,358.3 3 0
github.com/libopenstorage/cloudops/backoff/exponential.go:360.35,362.3 1 0
github.com/libopenstorage/cloudops/backoff/exponential.go:373.37,378.38 2 0
github.com/libopenstorage/cloudops/backoff/exponential.go:385.2,386.35 2 0
github.com/libopenstorage/cloudops/backoff/exponential.go:389.2,389.35 1 0
github.com/libopenstorage/cloudops/backoff/exponential.go:378.38,384.3 4 0
github.com/libopenstorage/cloudops/backoff/exponential.go:386.35,388.3 1 0
github.com/libopenstorage/cloudops/backoff/exponential.go:392.63,394.37 2 1
github.com/libopenstorage/cloudops/backoff/exponential.go:401.2,401.21 1 1
github.com/libopenstorage/cloudops/backoff/exponential.go:394.37,395.22 1 2
github.com/libopenstorage/cloudops/backoff/exponential.go:399.3,399.49 1 2
github.com/libopenstorage/cloudops/backoff/exponential.go:395.22,397.12 2 0
github.com/libopenstorage/cloudops/backoff/exponential.go:405.74,410.38 2 0
github.com/libopenstorage/cloudops/backoff/exponential.go:415.2,416.35 2 0
github.com/libopenstorage/cloudops/backoff/exponential.go:419.2,419.28 1 0
github.com/libopenstorage/cloudops/backoff/exponential.go:410.38,414.3 3 0
github.com/libopenstorage/cloudops/backoff/exponential.go:416.35,418.3 1 0
github.com/libopenstorage/cloudops/backoff/exponential.go:422.89,427.38 2 0
github.com/libopenstorage/cloudops/backoff/exponential.go:432.2,433.35 2 0
github.com/libopenstorage/cloudops/backoff/exponential.go:436.2,436.28 1 0
github.com/libopenstorage/cloudops/backoff/exponential.go:427.38,431.3 3 0
github.com/libopenstorage/cloudops/backoff/exponential.go:433.35,435.3 1 0
github.com/libopenstorage/cloudops/backoff/exponential.go:440.92,445.38 2 0
github.com/libopenstorage/cloudops/backoff/exponential.go:450.2,451.35 2 0
github.com/libopenstorage/cloudops/backoff/exponential.go:454.2,454.26 1 0
github.com/libopenstorage/cloudops/backoff/exponential.go:445.38,449.3 3 0
github.com/libopenstorage/cloudops/backoff/exponential.go:451.35,453.3 1 0
github.com/libopenstorage/cloudops/backoff/exponential.go:458.66,462.38 2 0
github.com/libopenstorage/cloudops/backoff/exponential.go:467.2,468.35 2 0
github.com/libopenstorage/cloudops/backoff/exponential.go:471.2,471.16 1 0
github.com/libopenstorage/cloudops/backoff/exponential.go:462.38,466.3 3 0
github.com/libopenstorage/cloudops/backoff/exponential.go:468.35,470.3 1 0
github.com/libopenstorage/cloudops/backoff/exponential.go:475.89,479.38 2 0
github.com/libopenstorage/cloudops/backoff/exponential.go:484.2,485.35 2 0
github.com/libopenstorage/cloudops/backoff/exponential.go:488.2,488.16 1 0
github.com/libopenstorage/cloudops/backoff/exponential.go:479.38,483.3 3 0
github.com/libopenstorage/cloudops/backoff/exponential.go:485.35,487.3 1 0
github.com/libopenstorage/cloudops/backoff/exponential.go:492.90,496.38 2 0
github.com/libopenstorage/cloudops/backoff/exponential.go:501.2,502.35 2 0
github.com/libopenstorage/cloudops/backoff/exponential.go:505.2,505.16 1 0
github.com/libopenstorage/cloudops/backoff/exponential.go:496.38,500.3 3 0
github.com/libopenstorage/cloudops/backoff/exponential.go:502.35,504.3 1 0
github.com/libopenstorage/cloudops/backoff/exponential.go:509.79,514.38 2 0
github.com/libopenstorage/cloudops/backoff/exponential.go:519.2,520.35 2 0
github.com/libopenstorage/cloudops/backoff/exponential.go:523.2,523.24 1 0
github.com/libopenstorage/cloudops/backoff/exponential.go:514.38,518.3 3 0
github.com/libopenstorage/cloudops/backoff/exponential.go:520.35,522.3 1 0
github.com/libopenstorage/cloudops/backoff/exponential.go:526.44,528.2 1 0
github.com/libopenstorage/cloudops/backoff/exponential.go:530.83,531.20 1 0
github.com/libopenstorage/cloudops/backoff/exponential.go:541.2,541.18 1 0
github.com/libopenstorage/cloudops/backoff/exponential.go:531.20,532.36 1 0
github.com/libopenstorage/cloudops/backoff/exponential.go:539.3,539.23 1 0
github.com/libopenstorage/cloudops/backoff/exponential.go:532.36,538.4 2 0
github.com/libopenstorage/cloudops/azure/azure.go:90.52,91.71 1 0
github.com/libopenstorage/cloudops/azure/azure.go:126.2,127.23 2 0
github.com/libopenstorage/cloudops/azure/azure.go:91.71,95.69 3 0
github.com/libopenstorage/cloudops/azure/azure.go:103.3,103.71 1 0
github.com/libopenstorage/cloudops/azure/azure.go:107.3,107.55 1 0
github.com/libopenstorage/cloudops/azure/azure.go:111.3,111.75 1 0
github.com/libopenstorage/cloudops/azure/azure.go:115.3,115.65 1 0
github.com/libopenstorage/cloudops/azure/azure.go:119.3,119.74 1 0
github.com/libopenstorage/cloudops/azure/azure.go:123.3,123.27 1 0
github.com/libopenstorage/cloudops/azure/azure.go:95.69,97.42 2 0
github.com/libopenstorage/cloudops/azure/azure.go:97.42,100.5 2 0
github.com/libopenstorage/cloudops/azure/azure.go:103.71,105.4 1 0
github.com/libopenstorage/cloudops/azure/azure.go:107.55,109.4 1 0
github.com/libopenstorage/cloudops/azure/azure.go:111.75,113.4 1 0
github.com/libopenstorage/cloudops/azure/azure.go:115.65,117.4 1 0
github.com/libopenstorage/cloudops/azure/azure.go:119.74,121.4 1 0
github.com/libopenstorage/cloudops/azure/azure.go:132.54,136.16 4 0
github.com/libopenstorage/cloudops/azure/azure.go:139.2,146.16 7 0
github.com/libopenstorage/cloudops/azure/azure.go:150.2,150.28 1 0
github.com/libopenstorage/cloudops/azure/azure.go:155.2,155.22 1 0
github.com/libopenstorage/cloudops/azure/azure.go:174.2,174.28 1 0
github.com/libopenstorage/cloudops/azure/azure.go:136.16,138.3 1 0
github.com/libopenstorage/cloudops/azure/azure.go:146.16,149.3 1 0
github.com/libopenstorage/cloudops/azure/azure.go:150.28,153.3 1 0
github.com/libopenstorage/cloudops/azure/azure.go:155.22,158.17 3 0
github.com/libopenstorage/cloudops/azure/azure.go:162.3,162.25 1 0
github.com/libopenstorage/cloudops/azure/azure.go:167.3,168.17 2 0
github.com/libopenstorage/cloudops/azure/azure.go:158.17,161.4 1 0
github.com/libopenstorage/cloudops/azure/azure.go:162.25,165.4 1 0
github.com/libopenstorage/cloudops/azure/azure.go:168.17,171.4 1 0
github.com/libopenstorage/cloudops/azure/azure.go:178.43,180.16 2 1
github.com/libopenstorage/cloudops/azure/azure.go:183.2,184.16 2 1
github.com/libopenstorage/cloudops/azure/azure.go:187.2,188.16 2 1
github.com/libopenstorage/cloudops/azure/azure.go:192.2,204.26 2 1
github.com/libopenstorage/cloudops/azure/azure.go:180.16,182.3 1 0
github.com/libopenstorage/cloudops/azure/azure.go:184.16,186.3 1 0
github.com/libopenstorage/cloudops/azure/azure.go:188.16,190.3 1 0
github.com/libopenstorage/cloudops/azure/azure.go:208.53,210.16 2 1
github.com/libopenstorage/cloudops/azure/azure.go:214.2,215.16 2 1
github.com/libopenstorage/cloudops/azure/azure.go:219.2,219.32 1 1
github.com/libopenstorage/cloudops/azure/azure.go:223.2,254.8 14 1
github.com/libopenstorage/cloudops/azure/azure.go:210.16,212.3 1 0
github.com/libopenstorage/cloudops/azure/azure.go:215.16,217.3 1 0
github.com/libopenstorage/cloudops/azure/azure.go:219.32,221.3 1 1
github.com/libopenstorage/cloudops/azure/azure.go:257.34,259.2 1 0
github.com/libopenstorage/cloudops/azure/azure.go:261.40,263.2 1 1
github.com/libopenstorage/cloudops/azure/azure.go:265.87,276.2 2 1
github.com/libopenstorage/cloudops/azure/azure.go:278.108,282.16 3 1
github.com/libopenstorage/cloudops/azure/azure.go:287.2,288.40 2 0
github.com/libopenstorage/cloudops/azure/azure.go:296.2,297.31 2 0
github.com/libopenstorage/cloudops/azure/azure.go:300.2,300.31 1 0
github.com/libopenstorage/cloudops/azure/azure.go:304.2,313.20 2 0
github.com/libopenstorage/cloudops/azure/azure.go:282.16,285.3 1 1
github.com/libopenstorage/cloudops/azure/azure.go:288.40,292.3 1 0
github.com/libopenstorage/cloudops/azure/azure.go:292.8,294.3 1 0
github.com/libopenstorage/cloudops/azure/azure.go:297.31,299.3 1 0
github.com/libopenstorage/cloudops/azure/azure.go:300.31,302.3 1 0
github.com/libopenstorage/cloudops/azure/azure.go:317.80,321.16 3 0
github.com/libopenstorage/cloudops/azure/azure.go:324.2,324.28 1 0
github.com/libopenstorage/cloudops/azure/azure.go:328.2,328.37 1 0
github.com/libopenstorage/cloudops/azure/azure.go:321.16,323.3 1 0
github.com/libopenstorage/cloudops/azure/azure.go:324.28,327.3 1 0
github.com/libopenstorage/cloudops/azure/azure.go:335.31,339.31 3 0
github.com/libopenstorage/cloudops/azure/azure.go:347.2,360.16 5 0
github.com/libopenstorage/cloudops/azure/azure.go:364.2,365.12 2 0
github.com/libopenstorage/cloudops/azure/azure.go:339.31,345.3 2 0
github.com/libopenstorage/cloudops/azure/azure.go:360.16,363.3 1 0
github.com/libopenstorage/cloudops/azure/azure.go:371.24,373.9 2 0
github.com/libopenstorage/cloudops/azure/azure.go:382.2,387.16 2 0
github.com/libopenstorage/cloudops/azure/azure.go:390.2,391.9 2 0
github.com/libopenstorage/cloudops/azure/azure.go:394.2,395.24 2 0
github.com/libopenstorage/cloudops/azure/azure.go:399.2,422.16 3 0
github.com/libopenstorage/cloudops/azure/azure.go:426.2,427.16 2 0
github.com/libopenstorage/cloudops/azure/azure.go:431.2,432.17 2 0
github.com/libopenstorage/cloudops/azure/azure.go:373.9,379.3 1 0
github.com/libopenstorage/cloudops/azure/azure.go:387.16,389.3 1 0
github.com/libopenstorage/cloudops/azure/azure.go:391.9,393.3 1 0
github.com/libopenstorage/cloudops/azure/azure.go:395.24,397.3 1 0
github.com/libopenstorage/cloudops/azure/azure.go:422.16,424.3 1 0
github.com/libopenstorage/cloudops/azure/azure.go:427.16,429.3 1 0
github.com/libopenstorage/cloudops/azure/azure.go:435.66,436.39 1 0
github.com/libopenstorage/cloudops/azure/azure.go:441.2,445.3 1 0
github.com/libopenstorage/cloudops/azure/azure.go:436.39,438.3 1 0
github.com/libopenstorage/cloudops/azure/azure.go:438.8,438.50 1 0
github.com/libopenstorage/cloudops/azure/azure.go:438.50,440.3 1 0
github.com/libopenstorage/cloudops/azure/azure.go:448.87,450.16 2 0
github.com/libopenstorage/cloudops/azure/azure.go:458.2,459.16 2 0
github.com/libopenstorage/cloudops/azure/azure.go:463.2,464.17 2 0
github.com/libopenstorage/cloudops/azure/azure.go:469.2,481.78 2 0
github.com/libopenstorage/cloudops/azure/azure.go:485.2,485.34 1 0
github.com/libopenstorage/cloudops/azure/azure.go:450.16,453.3 1 0
github.com/libopenstorage/cloudops/azure/azure.go:453.8,454.38 1 0
github.com/libopenstorage/cloudops/azure/azure.go:454.38,456.3 1 0
github.com/libopenstorage/cloudops/azure/azure.go:459.16,461.3 1 0
github.com/libopenstorage/cloudops/azure/azure.go:464.17,467.3 1 0
github.com/libopenstorage/cloudops/azure/azure.go:481.78,483.3 1 0
github.com/libopenstorage/cloudops/azure/azure.go:488.55,489.48 1 0
github.com/libopenstorage/cloudops/azure/azure.go:504.2,504.12 1 0
github.com/libopenstorage/cloudops/azure/azure.go:489.48,492.64 1 0
github.com/libopenstorage/cloudops/azure/azure.go:492.64,496.25 2 0
github.com/libopenstorage/cloudops/azure/azure.go:496.25,498.25 2 0
github.com/libopenstorage/cloudops/azure/azure.go:498.25,500.6 1 0
github.com/libopenstorage/cloudops/azure/azure.go:507.50,509.2 1 0
github.com/libopenstorage/cloudops/azure/azure.go:511.64,513.2 1 0
github.com/libopenstorage/cloudops/azure/azure.go:515.68,521.50 2 0
github.com/libopenstorage/cloudops/azure/azure.go:537.2,538.20 2 0
github.com/libopenstorage/cloudops/azure/azure.go:542.2,543.16 2 0
github.com/libopenstorage/cloudops/azure/azure.go:547.2,548.30 2 0
github.com/libopenstorage/cloudops/azure/azure.go:555.2,555.76 1 0
github.com/libopenstorage/cloudops/azure/azure.go:559.2,559.44 1 0
github.com/libopenstorage/cloudops/azure/azure.go:521.50,522.45 1 0
github.com/libopenstorage/cloudops/azure/azure.go:522.45,524.4 1 0
github.com/libopenstorage/cloudops/azure/azure.go:524.9,524.25 1 0
github.com/libopenstorage/cloudops/azure/azure.go:524.25,526.4 1 0
github.com/libopenstorage/cloudops/azure/azure.go:527.8,527.23 1 0
github.com/libopenstorage/cloudops/azure/azure.go:527.23,529.3 1 0
github.com/libopenstorage/cloudops/azure/azure.go:538.20,540.3 1 0
github.com/libopenstorage/cloudops/azure/azure.go:543.16,545.3 1 0
github.com/libopenstorage/cloudops/azure/azure.go:548.30,549.57 1 0
github.com/libopenstorage/cloudops/azure/azure.go:552.3,552.41 1 0
github.com/libopenstorage/cloudops/azure/azure.go:549.57,550.12 1 0
github.com/libopenstorage/cloudops/azure/azure.go:555.76,557.3 1 0
github.com/libopenstorage/cloudops/azure/azure.go:562.50,565.16 3 0
github.com/libopenstorage/cloudops/azure/azure.go:569.2,570.16 2 0
github.com/libopenstorage/cloudops/azure/azure.go:574.2,575.12 2 0
github.com/libopenstorage/cloudops/azure/azure.go:565.16,567.3 1 0
github.com/libopenstorage/cloudops/azure/azure.go:570.16,572.3 1 0
github.com/libopenstorage/cloudops/azure/azure.go:578.57,580.2 1 0
github.com/libopenstorage/cloudops/azure/azure.go:585.19,591.16 2 0
github.com/libopenstorage/cloudops/azure/azure.go:595.2,595.73 1 0
github.com/libopenstorage/cloudops/azure/azure.go:599.2,599.60 1 0
github.com/libopenstorage/cloudops/azure/azure.go:604.2,616.16 6 0
github.com/libopenstorage/cloudops/azure/azure.go:619.2,620.16 2 0
github.com/libopenstorage/cloudops/azure/azure.go:624.2,625.16 2 0
github.com/libopenstorage/cloudops/azure/azure.go:628.2,628.69 1 0
github.com/libopenstorage/cloudops/azure/azure.go:631.2,631.51 1 0
github.com/libopenstorage/cloudops/azure/azure.go:591.16,593.3 1 0
github.com/libopenstorage/cloudops/azure/azure.go:595.73,597.3 1 0
github.com/libopenstorage/cloudops/azure/azure.go:599.60,603.3 1 0
github.com/libopenstorage/cloudops/azure/azure.go:616.16,618.3 1 0
github.com/libopenstorage/cloudops/azure/azure.go:620.16,622.3 1 0
github.com/libopenstorage/cloudops/azure/azure.go:625.16,627.3 1 0
github.com/libopenstorage/cloudops/azure/azure.go:628.69,630.3 1 0
github.com/libopenstorage/cloudops/azure/azure.go:634.52,636.2 1 0
github.com/libopenstorage/cloudops/azure/azure.go:641.21,645.2 1 0
github.com/libopenstorage/cloudops/azure/azure.go:647.72,650.37 2 0
github.com/libopenstorage/cloudops/azure/azure.go:675.2,675.19 1 0
github.com/libopenstorage/cloudops/azure/azure.go:650.37,651.22 1 0
github.com/libopenstorage/cloudops/azure/azure.go:654.3,659.51 2 0
github.com/libopenstorage/cloudops/azure/azure.go:669.3,669.17 1 0
github.com/libopenstorage/cloudops/azure/azure.go:672.3,672.31 1 0
github.com/libopenstorage/cloudops/azure/azure.go:651.22,652.12 1 0
github.com/libopenstorage/cloudops/azure/azure.go:659.51,661.25 2 0
github.com/libopenstorage/cloudops/azure/azure.go:661.25,667.5 1 0
github.com/libopenstorage/cloudops/azure/azure.go:669.17,671.4 1 0
github.com/libopenstorage/cloudops/azure/azure.go:678.64,696.16 2 0
github.com/libopenstorage/cloudops/azure/azure.go:700.2,701.30 2 0
github.com/libopenstorage/cloudops/azure/azure.go:713.2,713.20 1 0
github.com/libopenstorage/cloudops/azure/azure.go:696.16,698.3 1 0
github.com/libopenstorage/cloudops/azure/azure.go:701.30,703.17 2 0
github.com/libopenstorage/cloudops/azure/azure.go:710.3,710.28 1 0
github.com/libopenstorage/cloudops/azure/azure.go:703.17,709.4 1 0
github.com/libopenstorage/cloudops/azure/azure.go:720.37,722.16 2 0
github.com/libopenstorage/cloudops/azure/azure.go:726.2,727.32 2 0
github.com/libopenstorage/cloudops/azure/azure.go:746.2,746.18 1 0
github.com/libopenstorage/cloudops/azure/azure.go:722.16,724.3 1 0
github.com/libopenstorage/cloudops/azure/azure.go:727.32,728.30 1 0
github.com/libopenstorage/cloudops/azure/azure.go:728.30,730.4 1 0
github.com/libopenstorage/cloudops/azure/azure.go:730.9,732.38 2 0
github.com/libopenstorage/cloudops/azure/azure.go:740.4,740.14 1 0
github.com/libopenstorage/cloudops/azure/azure.go:732.38,733.45 1 0
github.com/libopenstorage/cloudops/azure/azure.go:733.45,736.11 3 0
github.com/libopenstorage/cloudops/azure/azure.go:740.14,742.5 1 0
github.com/libopenstorage/cloudops/azure/azure.go:749.64,750.65 1 0
github.com/libopenstorage/cloudops/azure/azure.go:753.2,753.31 1 0
github.com/libopenstorage/cloudops/azure/azure.go:750.65,752.3 1 0
github.com/libopenstorage/cloudops/azure/azure.go:759.86,765.50 2 0
github.com/libopenstorage/cloudops/azure/azure.go:775.2,775.16 1 0
github.com/libopenstorage/cloudops/azure/azure.go:779.2,779.56 1 0
github.com/libopenstorage/cloudops/azure/azure.go:786.2,786.71 1 0
github.com/libopenstorage/cloudops/azure/azure.go:794.2,794.19 1 0
github.com/libopenstorage/cloudops/azure/azure.go:765.50,767.24 2 0
github.com/libopenstorage/cloudops/azure/azure.go:767.24,773.4 1 0
github.com/libopenstorage/cloudops/azure/azure.go:775.16,777.3 1 0
github.com/libopenstorage/cloudops/azure/azure.go:779.56,785.3 1 0
github.com/libopenstorage/cloudops/azure/azure.go:786.71,792.3 1 0
github.com/libopenstorage/cloudops/azure/azure.go:797.64,799.16 2 0
github.com/libopenstorage/cloudops/azure/azure.go:803.2,803.30 1 0
github.com/libopenstorage/cloudops/azure/azure.go:819.2,823.3 1 0
github.com/libopenstorage/cloudops/azure/azure.go:799.16,801.3 1 0
github.com/libopenstorage/cloudops/azure/azure.go:803.30,804.26 1 0
github.com/libopenstorage/cloudops/azure/azure.go:804.26,808.18 2 0
github.com/libopenstorage/cloudops/azure/azure.go:811.4,815.5 1 0
github.com/libopenstorage/cloudops/azure/azure.go:808.18,810.5 1 0
github.com/libopenstorage/cloudops/azure/azure.go:826.82,827.15 1 0
github.com/libopenstorage/cloudops/azure/azure.go:831.2,832.16 2 0
github.com/libopenstorage/cloudops/azure/azure.go:836.2,851.16 3 0
github.com/libopenstorage/cloudops/azure/azure.go:855.2,856.16 2 0
github.com/libopenstorage/cloudops/azure/azure.go:860.2,861.19 2 0
github.com/libopenstorage/cloudops/azure/azure.go:827.15,829.3 1 0
github.com/libopenstorage/cloudops/azure/azure.go:832.16,834.3 1 0
github.com/libopenstorage/cloudops/azure/azure.go:851.16,853.3 1 0
github.com/libopenstorage/cloudops/azure/azure.go:856.16,858.3 1 0
github.com/libopenstorage/cloudops/azure/azure.go:864.58,867.16 3 0
github.com/libopenstorage/cloudops/azure/azure.go:871.2,872.16 2 0
github.com/libopenstorage/cloudops/azure/azure.go:876.2,877.12 2 0
github.com/libopenstorage/cloudops/azure/azure.go:867.16,869.3 1 0
github.com/libopenstorage/cloudops/azure/azure.go:872.16,874.3 1 0
github.com/libopenstorage/cloudops/azure/azure.go:880.79,881.22 1 0
github.com/libopenstorage/cloudops/azure/azure.go:885.2,890.16 2 0
github.com/libopenstorage/cloudops/azure/azure.go:894.2,894.25 1 0
github.com/libopenstorage/cloudops/azure/azure.go:898.2,898.27 1 0
github.com/libopenstorage/cloudops/azure/azure.go:902.2,911.16 3 0
github.com/libopenstorage/cloudops/azure/azure.go:915.2,916.16 2 0
github.com/libopenstorage/cloudops/azure/azure.go:920.2,921.12 2 0
github.com/libopenstorage/cloudops/azure/azure.go:881.22,883.3 1 0
github.com/libopenstorage/cloudops/azure/azure.go:890.16,892.3 1 0
github.com/libopenstorage/cloudops/azure/azure.go:894.25,896.3 1 0
github.com/libopenstorage/cloudops/azure/azure.go:898.27,900.3 1 0
github.com/libopenstorage/cloudops/azure/azure.go:911.16,913.3 1 0
github.com/libopenstorage/cloudops/azure/azure.go:916.16,918.3 1 0
github.com/libopenstorage/cloudops/azure/azure.go:924.80,925.22 1 0
github.com/libopenstorage/cloudops/azure/azure.go:929.2,934.16 2 0
github.com/libopenstorage/cloudops/azure/azure.go:938.2,938.25 1 0
github.com/libopenstorage/cloudops/azure/azure.go:942.2,942.24 1 0
github.com/libopenstorage/cloudops/azure/azure.go:946.2,955.16 3 0
github.com/libopenstorage/cloudops/azure/azure.go:959.2,960.16 2 0
github.com/libopenstorage/cloudops/azure/azure.go:964.2,965.12 2 0
github.com/libopenstorage/cloudops/azure/azure.go:925.22,927.3 1 0
github.com/libopenstorage/cloudops/azure/azure.go:934.16,936.3 1 0
github.com/libopenstorage/cloudops/azure/azure.go:938.25,940.3 1 0
github.com/libopenstorage/cloudops/azure/azure.go:942.24,944.3 1 0
github.com/libopenstorage/cloudops/azure/azure.go:955.16,957.3 1 0
github.com/libopenstorage/cloudops/azure/azure.go:960.16,962.3 1 0
github.com/libopenstorage/cloudops/azure/azure.go:968.69,970.16 2 0
github.com/libopenstorage/cloudops/azure/azure.go:974.2,975.30 2 0
github.com/libopenstorage/cloudops/azure/azure.go:982.2,982.18 1 0
github.com/libopenstorage/cloudops/azure/azure.go:970.16,972.3 1 0
github.com/libopenstorage/cloudops/azure/azure.go:975.30,976.15 1 0
github.com/libopenstorage/cloudops/azure/azure.go:976.15,978.4 1 0
github.com/libopenstorage/cloudops/azure/azure.go:978.9,980.4 1 0
github.com/libopenstorage/cloudops/azure/azure.go:985.89,992.16 3 0
github.com/libopenstorage/cloudops/azure/azure.go:995.2,995.38 1 0
github.com/libopenstorage/cloudops/azure/azure.go:1006.2,1006.22 1 0
github.com/libopenstorage/cloudops/azure/azure.go:992.16,994.3 1 0
github.com/libopenstorage/cloudops/azure/azure.go:995.38,996.17 1 0
github.com/libopenstorage/cloudops/azure/azure.go:1000.3,1001.33 2 0
github.com/libopenstorage/cloudops/azure/azure.go:996.17,998.4 1 0
github.com/libopenstorage/cloudops/azure/azure.go:1001.33,1003.4 1 0
github.com/libopenstorage/cloudops/azure/azure.go:1009.67,1011.37 1 0
github.com/libopenstorage/cloudops/azure/azure.go:1025.2,1025.16 1 0
github.com/libopenstorage/cloudops/azure/azure.go:1029.2,1029.33 1 0
github.com/libopenstorage/cloudops/azure/azure.go:1011.37,1014.52 2 0
github.com/libopenstorage/cloudops/azure/azure.go:1020.4,1020.33 1 0
github.com/libopenstorage/cloudops/azure/azure.go:1014.52,1016.5 1 0
github.com/libopenstorage/cloudops/azure/azure.go:1016.10,1016.25 1 0
github.com/libopenstorage/cloudops/azure/azure.go:1016.25,1018.5 1 0
github.com/libopenstorage/cloudops/azure/azure.go:1025.16,1027.3 1 0
github.com/libopenstorage/cloudops/azure/azure.go:1032.67,1034.37 1 0
github.com/libopenstorage/cloudops/azure/azure.go:1054.2,1054.12 1 0
github.com/libopenstorage/cloudops/azure/azure.go:1034.37,1036.18 2 0
github.com/libopenstorage/cloudops/azure/azure.go:1040.4,1040.32 1 0
github.com/libopenstorage/cloudops/azure/azure.go:1048.4,1048.26 1 0
github.com/libopenstorage/cloudops/azure/azure.go:1036.18,1038.5 1 0
github.com/libopenstorage/cloudops/azure/azure.go:1040.32,1041.28 1 0
github.com/libopenstorage/cloudops/azure/azure.go:1041.28,1045.6 1 0
github.com/libopenstorage/cloudops/azure/azure.go:1057.69,1058.36 1 0
github.com/libopenstorage/cloudops/azure/azure.go:1070.2,1070.13 1 0
github.com/libopenstorage/cloudops/azure/azure.go:1058.36,1059.47 1 0
github.com/libopenstorage/cloudops/azure/azure.go:1059.47,1061.39 1 0
github.com/libopenstorage/cloudops/azure/azure.go:1061.39,1063.5 1 0
github.com/libopenstorage/cloudops/azure/azure.go:1063.10,1063.51 1 0
github.com/libopenstorage/cloudops/azure/azure.go:1063.51,1065.5 1 0
github.com/libopenstorage/cloudops/azure/azure.go:1066.9,1068.4 1 0
github.com/libopenstorage/cloudops/azure/azure.go:1073.62,1075.27 2 0
github.com/libopenstorage/cloudops/azure/azure.go:1079.2,1079.13 1 0
github.com/libopenstorage/cloudops/azure/azure.go:1075.27,1078.3 2 0
github.com/libopenstorage/cloudops/azure/azure.go:1082.59,1084.30 2 0
github.com/libopenstorage/cloudops/azure/azure.go:1089.2,1090.33 2 0
github.com/libopenstorage/cloudops/azure/azure.go:1096.2,1096.25 1 0
github.com/libopenstorage/cloudops/azure/azure.go:1084.30,1085.19 1 0
github.com/libopenstorage/cloudops/azure/azure.go:1085.19,1087.4 1 0
github.com/libopenstorage/cloudops/azure/azure.go:1090.33,1091.32 1 0
github.com/libopenstorage/cloudops/azure/azure.go:1091.32,1093.9 2 0
github.com/libopenstorage/cloudops/azure/azure.go:1099.60,1106.6 2 0
github.com/libopenstorage/cloudops/azure/azure.go:1117.2,1117.16 1 0
github.com/libopenstorage/cloudops/azure/azure.go:1106.6,1107.53 1 0
github.com/libopenstorage/cloudops/azure/azure.go:1110.3,1112.44 3 0
github.com/libopenstorage/cloudops/azure/azure.go:1115.3,1115.38 1 0
github.com/libopenstorage/cloudops/azure/azure.go:1107.53,1109.4 1 0
github.com/libopenstorage/cloudops/azure/azure.go:1112.44,1113.9 1 0
github.com/libopenstorage/cloudops/azure/azure.go:1120.51,1124.16 3 0
github.com/libopenstorage/cloudops/azure/azure.go:1128.2,1128.35 1 0
github.com/libopenstorage/cloudops/azure/azure.go:1140.2,1140.21 1 0
github.com/libopenstorage/cloudops/azure/azure.go:1124.16,1126.3 1 0
github.com/libopenstorage/cloudops/azure/azure.go:1128.35,1130.17 2 0
github.com/libopenstorage/cloudops/azure/azure.go:1134.3,1134.46 1 0
github.com/libopenstorage/cloudops/azure/azure.go:1130.17,1132.4 1 0
github.com/libopenstorage/cloudops/azure/azure.go:1135.8,1138.3 1 0
github.com/libopenstorage/cloudops/azure/azure.go:1143.41,1156.16 3 1
github.com/libopenstorage/cloudops/azure/azure.go:1168.2,1168.14 1 1
github.com/libopenstorage/cloudops/azure/azure.go:1156.16,1157.52 1 1
github.com/libopenstorage/cloudops/azure/azure.go:1157.52,1159.30 2 0
github.com/libopenstorage/cloudops/azure/azure.go:1162.4,1163.79 2 0
github.com/libopenstorage/cloudops/azure/azure.go:1159.30,1161.5 1 0
github.com/libopenstorage/cloudops/azure/azure.go:1163.79,1165.5 1 0
github.com/libopenstorage/cloudops/azure/azure.go:1171.56,1172.57 1 1
github.com/libopenstorage/cloudops/azure/azure.go:1176.2,1176.24 1 1
github.com/libopenstorage/cloudops/azure/azure.go:1180.2,1181.16 2 1
github.com/libopenstorage/cloudops/azure/azure.go:1184.2,1184.46 1 1
github.com/libopenstorage/cloudops/azure/azure.go:1172.57,1174.3 1 1
github.com/libopenstorage/cloudops/azure/azure.go:1176.24,1178.3 1 0
github.com/libopenstorage/cloudops/azure/azure.go:1181.16,1183.3 1 0
github.com/libopenstorage/cloudops/azure/base_vmsclient.go:20.13,29.2 5 0
github.com/libopenstorage/cloudops/azure/base_vmsclient.go:31.58,33.2 1 0
github.com/libopenstorage/cloudops/azure/base_vmsclient.go:37.24,39.2 1 0
github.com/libopenstorage/cloudops/azure/base_vmsclient.go:43.31,45.16 2 0
github.com/libopenstorage/cloudops/azure/base_vmsclient.go:49.2,49.68 1 0
github.com/libopenstorage/cloudops/azure/base_vmsclient.go:53.2,53.42 1 0
github.com/libopenstorage/cloudops/azure/base_vmsclient.go:45.16,47.3 1 0
github.com/libopenstorage/cloudops/azure/base_vmsclient.go:49.68,51.3 1 0
github.com/libopenstorage/cloudops/azure/base_vmsclient.go:59.9,75.16 4 0
github.com/libopenstorage/cloudops/azure/base_vmsclient.go:79.2,80.16 2 0
github.com/libopenstorage/cloudops/azure/base_vmsclient.go:83.2,83.12 1 0
github.com/libopenstorage/cloudops/azure/base_vmsclient.go:75.16,77.3 1 0
github.com/libopenstorage/cloudops/azure/base_vmsclient.go:80.16,82.3 1 0
github.com/libopenstorage/cloudops/azure/base_vmsclient.go:88.35,95.2 1 0
github.com/libopenstorage/cloudops/azure/scaleset_vmsclient.go:20.13,30.2 5 1
github.com/libopenstorage/cloudops/azure/scaleset_vmsclient.go:32.60,34.2 1 0
github.com/libopenstorage/cloudops/azure/scaleset_vmsclient.go:38.24,40.2 1 0
github.com/libopenstorage/cloudops/azure/scaleset_vmsclient.go:44.31,46.16 2 0
github.com/libopenstorage/cloudops/azure/scaleset_vmsclient.go:50.2,50.35 1 0
github.com/libopenstorage/cloudops/azure/scaleset_vmsclient.go:46.16,48.3 1 0
github.com/libopenstorage/cloudops/azure/scaleset_vmsclient.go:56.9,58.16 2 0
github.com/libopenstorage/cloudops/azure/scaleset_vmsclient.go:62.2,76.16 4 0
github.com/libopenstorage/cloudops/azure/scaleset_vmsclient.go:80.2,81.16 2 0
github.com/libopenstorage/cloudops/azure/scaleset_vmsclient.go:84.2,84.12 1 0
github.com/libopenstorage/cloudops/azure/scaleset_vmsclient.go:58.16,60.3 1 0
github.com/libopenstorage/cloudops/azure/scaleset_vmsclient.go:76.16,78.3 1 0
github.com/libopenstorage/cloudops/azure/scaleset_vmsclient.go:81.16,83.3 1 0
github.com/libopenstorage/cloudops/azure/scaleset_vmsclient.go:89.45,97.2 1 0
github.com/libopenstorage/cloudops/azure/scaleset_vmsclient.go:99.80,103.74 1 6
github.com/libopenstorage/cloudops/azure/scaleset_vmsclient.go:107.2,107.37 1 2
github.com/libopenstorage/cloudops/azure/scaleset_vmsclient.go:103.74,105.3 1 4
github.com/libopenstorage/cloudops/azure/vmsclient.go:24.13,25.31 1 1
github.com/libopenstorage/cloudops/azure/vmsclient.go:28.2,28.58 1 1
github.com/libopenstorage/cloudops/azure/vmsclient.go:25.31,27.3 1 0
github.com/libopenstorage/cloudops/gce/storagemanager/gce.go:32.104,36.2 1 1
github.com/libopenstorage/cloudops/gce/storagemanager/gce.go:38.145,40.54 2 11
github.com/libopenstorage/cloudops/gce/storagemanager/gce.go:81.2,81.22 1 10
github.com/libopenstorage/cloudops/gce/storagemanager/gce.go:40.54,45.34 2 12
github.com/libopenstorage/cloudops/gce/storagemanager/gce.go:56.3,63.17 2 12
github.com/libopenstorage/cloudops/gce/storagemanager/gce.go:66.3,66.29 1 11
github.com/libopenstorage/cloudops/gce/storagemanager/gce.go:69.3,78.4 1 11
github.com/libopenstorage/cloudops/gce/storagemanager/gce.go:45.34,50.4 3 3
github.com/libopenstorage/cloudops/gce/storagemanager/gce.go:50.9,52.4 1 9
github.com/libopenstorage/cloudops/gce/storagemanager/gce.go:63.17,65.4 1 1
github.com/libopenstorage/cloudops/gce/storagemanager/gce.go:66.29,68.4 1 8
github.com/libopenstorage/cloudops/gce/storagemanager/gce.go:84.145,89.36 2 11
github.com/libopenstorage/cloudops/gce/storagemanager/gce.go:95.2,96.16 2 11
github.com/libopenstorage/cloudops/gce/storagemanager/gce.go:99.2,99.51 1 10
github.com/libopenstorage/cloudops/gce/storagemanager/gce.go:102.2,103.28 2 10
github.com/libopenstorage/cloudops/gce/storagemanager/gce.go:107.2,107.18 1 10
github.com/libopenstorage/cloudops/gce/storagemanager/gce.go:89.36,93.3 3 10
github.com/libopenstorage/cloudops/gce/storagemanager/gce.go:96.16,98.3 1 1
github.com/libopenstorage/cloudops/gce/storagemanager/gce.go:99.51,101.3 1 0
github.com/libopenstorage/cloudops/gce/storagemanager/gce.go:103.28,105.3 1 9
github.com/libopenstorage/cloudops/gce/storagemanager/gce.go:110.113,111.48 1 21
github.com/libopenstorage/cloudops/gce/storagemanager/gce.go:116.2,116.20 1 0
github.com/libopenstorage/cloudops/gce/storagemanager/gce.go:111.48,113.3 1 18
github.com/libopenstorage/cloudops/gce/storagemanager/gce.go:113.8,113.50 1 3
github.com/libopenstorage/cloudops/gce/storagemanager/gce.go:113.50,115.3 1 3
github.com/libopenstorage/cloudops/gce/storagemanager/gce.go:118.13,120.2 1 1
github.com/libopenstorage/cloudops/aws/aws.go:58.40,61.16 3 1
github.com/libopenstorage/cloudops/aws/aws.go:66.2,66.16 1 1
github.com/libopenstorage/cloudops/aws/aws.go:75.2,77.16 3 0
github.com/libopenstorage/cloudops/aws/aws.go:80.2,81.16 2 0
github.com/libopenstorage/cloudops/aws/aws.go:85.2,116.8 3 0
github.com/libopenstorage/cloudops/aws/aws.go:61.16,62.43 1 1
github.com/libopenstorage/cloudops/aws/aws.go:62.43,64.5 1 1
github.com/libopenstorage/cloudops/aws/aws.go:66.16,70.17 3 1
github.com/libopenstorage/cloudops/aws/aws.go:70.17,72.4 1 1
github.com/libopenstorage/cloudops/aws/aws.go:77.16,79.3 1 0
github.com/libopenstorage/cloudops/aws/aws.go:81.16,83.3 1 0
github.com/libopenstorage/cloudops/aws/aws.go:123.17,124.22 1 0
github.com/libopenstorage/cloudops/aws/aws.go:127.2,129.27 3 0
github.com/libopenstorage/cloudops/aws/aws.go:135.2,135.25 1 0
github.com/libopenstorage/cloudops/aws/aws.go:140.2,140.10 1 0
github.com/libopenstorage/cloudops/aws/aws.go:124.22,126.3 1 0
github.com/libopenstorage/cloudops/aws/aws.go:129.27,134.3 4 0
github.com/libopenstorage/cloudops/aws/aws.go:135.25,139.3 3 0
github.com/libopenstorage/cloudops/aws/aws.go:143.60,144.22 1 0
github.com/libopenstorage/cloudops/aws/aws.go:147.2,149.27 3 0
github.com/libopenstorage/cloudops/aws/aws.go:155.2,155.10 1 0
github.com/libopenstorage/cloudops/aws/aws.go:144.22,146.3 1 0
github.com/libopenstorage/cloudops/aws/aws.go:149.27,154.3 4 0
github.com/libopenstorage/cloudops/aws/aws.go:158.62,163.37 3 0
github.com/libopenstorage/cloudops/aws/aws.go:191.2,191.12 1 0
github.com/libopenstorage/cloudops/aws/aws.go:163.37,165.18 2 0
github.com/libopenstorage/cloudops/aws/aws.go:169.4,169.33 1 0
github.com/libopenstorage/cloudops/aws/aws.go:174.4,174.39 1 0
github.com/libopenstorage/cloudops/aws/aws.go:178.4,179.25 2 0
github.com/libopenstorage/cloudops/aws/aws.go:183.4,185.25 1 0
github.com/libopenstorage/cloudops/aws/aws.go:165.18,167.5 1 0
github.com/libopenstorage/cloudops/aws/aws.go:169.33,172.5 1 0
github.com/libopenstorage/cloudops/aws/aws.go:174.39,176.5 1 0
github.com/libopenstorage/cloudops/aws/aws.go:179.25,181.5 1 0
github.com/libopenstorage/cloudops/aws/aws.go:199.24,205.41 5 0
github.com/libopenstorage/cloudops/aws/aws.go:232.2,233.16 2 0
github.com/libopenstorage/cloudops/aws/aws.go:236.2,236.41 1 0
github.com/libopenstorage/cloudops/aws/aws.go:239.2,240.68 1 0
github.com/libopenstorage/cloudops/aws/aws.go:205.41,207.17 2 0
github.com/libopenstorage/cloudops/aws/aws.go:210.3,210.32 1 0
github.com/libopenstorage/cloudops/aws/aws.go:215.3,218.54 4 0
github.com/libopenstorage/cloudops/aws/aws.go:225.3,225.24 1 0
github.com/libopenstorage/cloudops/aws/aws.go:228.3,229.30 1 0
github.com/libopenstorage/cloudops/aws/aws.go:207.17,209.4 1 0
github.com/libopenstorage/cloudops/aws/aws.go:210.32,213.4 1 0
github.com/libopenstorage/cloudops/aws/aws.go:218.54,222.4 1 0
github.com/libopenstorage/cloudops/aws/aws.go:222.9,224.4 1 0
github.com/libopenstorage/cloudops/aws/aws.go:225.24,227.4 1 0
github.com/libopenstorage/cloudops/aws/aws.go:233.16,235.3 1 0
github.com/libopenstorage/cloudops/aws/aws.go:236.41,238.3 1 0
github.com/libopenstorage/cloudops/aws/aws.go:243.32,243.63 1 0
github.com/libopenstorage/cloudops/aws/aws.go:245.38,245.59 1 0
github.com/libopenstorage/cloudops/aws/aws.go:247.85,249.16 2 0
github.com/libopenstorage/cloudops/aws/aws.go:253.2,255.79 3 0
github.com/libopenstorage/cloudops/aws/aws.go:259.2,268.22 2 0
github.com/libopenstorage/cloudops/aws/aws.go:249.16,251.3 1 0
github.com/libopenstorage/cloudops/aws/aws.go:255.79,257.3 1 0
github.com/libopenstorage/cloudops/aws/aws.go:271.106,273.16 2 0
github.com/libopenstorage/cloudops/aws/aws.go:277.2,277.42 1 0
github.com/libopenstorage/cloudops/aws/aws.go:322.2,322.44 1 0
github.com/libopenstorage/cloudops/aws/aws.go:273.16,275.3 1 0
github.com/libopenstorage/cloudops/aws/aws.go:277.42,279.41 1 0
github.com/libopenstorage/cloudops/aws/aws.go:279.41,287.18 3 0
github.com/libopenstorage/cloudops/aws/aws.go:294.4,294.42 1 0
github.com/libopenstorage/cloudops/aws/aws.go:299.4,301.46 3 0
github.com/libopenstorage/cloudops/aws/aws.go:305.4,318.22 2 0
github.com/libopenstorage/cloudops/aws/aws.go:287.18,288.43 1 0
github.com/libopenstorage/cloudops/aws/aws.go:291.5,291.20 1 0
github.com/libopenstorage/cloudops/aws/aws.go:288.43,290.6 1 0
github.com/libopenstorage/cloudops/aws/aws.go:294.42,297.5 1 0
github.com/libopenstorage/cloudops/aws/aws.go:301.46,303.5 1 0
github.com/libopenstorage/cloudops/aws/aws.go:325.77,332.2 3 0
github.com/libopenstorage/cloudops/aws/aws.go:334.78,341.2 3 0
github.com/libopenstorage/cloudops/aws/aws.go:343.60,349.2 1 0
github.com/libopenstorage/cloudops/aws/aws.go:351.62,353.16 2 0
github.com/libopenstorage/cloudops/aws/aws.go:357.2,358.49 2 0
github.com/libopenstorage/cloudops/aws/aws.go:377.2,377.15 1 0
github.com/libopenstorage/cloudops/aws/aws.go:353.16,355.3 1 0
github.com/libopenstorage/cloudops/aws/aws.go:358.49,359.67 1 0
github.com/libopenstorage/cloudops/aws/aws.go:359.67,362.43 2 0
github.com/libopenstorage/cloudops/aws/aws.go:366.4,367.18 2 0
github.com/libopenstorage/cloudops/aws/aws.go:374.4,374.35 1 0
github.com/libopenstorage/cloudops/aws/aws.go:362.43,363.13 1 0
github.com/libopenstorage/cloudops/aws/aws.go:367.18,372.5 1 0
github.com/libopenstorage/cloudops/aws/aws.go:381.50,383.2 1 0
github.com/libopenstorage/cloudops/aws/aws.go:385.52,390.16 3 0
github.com/libopenstorage/cloudops/aws/aws.go:393.2,393.32 1 0
github.com/libopenstorage/cloudops/aws/aws.go:397.2,397.45 1 0
github.com/libopenstorage/cloudops/aws/aws.go:401.2,401.46 1 0
github.com/libopenstorage/cloudops/aws/aws.go:390.16,392.3 1 0
github.com/libopenstorage/cloudops/aws/aws.go:393.32,396.3 1 0
github.com/libopenstorage/cloudops/aws/aws.go:397.45,400.3 1 0
github.com/libopenstorage/cloudops/aws/aws.go:404.85,406.51 2 7
github.com/libopenstorage/cloudops/aws/aws.go:416.2,416.23 1 4
github.com/libopenstorage/cloudops/aws/aws.go:406.51,408.52 2 6
github.com/libopenstorage/cloudops/aws/aws.go:408.52,410.53 2 4
github.com/libopenstorage/cloudops/aws/aws.go:410.53,413.5 1 3
github.com/libopenstorage/cloudops/aws/aws.go:422.68,426.16 3 0
github.com/libopenstorage/cloudops/aws/aws.go:429.2,429.35 1 0
github.com/libopenstorage/cloudops/aws/aws.go:440.2,440.27 1 0
github.com/libopenstorage/cloudops/aws/aws.go:426.16,428.3 1 0
github.com/libopenstorage/cloudops/aws/aws.go:429.35,433.17 2 0
github.com/libopenstorage/cloudops/aws/aws.go:436.3,436.52 1 0
github.com/libopenstorage/cloudops/aws/aws.go:433.17,435.4 1 0
github.com/libopenstorage/cloudops/aws/aws.go:437.8,439.3 1 0
github.com/libopenstorage/cloudops/aws/aws.go:447.85,451.46 4 0
github.com/libopenstorage/cloudops/aws/aws.go:454.2,455.46 2 0
github.com/libopenstorage/cloudops/aws/aws.go:459.2,460.46 2 0
github.com/libopenstorage/cloudops/aws/aws.go:464.2,464.73 1 0
github.com/libopenstorage/cloudops/aws/aws.go:470.2,471.61 1 0
github.com/libopenstorage/cloudops/aws/aws.go:451.46,453.3 1 0
github.com/libopenstorage/cloudops/aws/aws.go:455.46,457.3 1 0
github.com/libopenstorage/cloudops/aws/aws.go:460.46,462.3 1 0
github.com/libopenstorage/cloudops/aws/aws.go:464.73,465.47 1 0
github.com/libopenstorage/cloudops/aws/aws.go:465.47,467.4 1 0
github.com/libopenstorage/cloudops/aws/aws.go:474.77,484.16 3 0
github.com/libopenstorage/cloudops/aws/aws.go:487.2,487.44 1 0
github.com/libopenstorage/cloudops/aws/aws.go:484.16,486.3 1 0
github.com/libopenstorage/cloudops/aws/aws.go:491.62,493.16 2 1
github.com/libopenstorage/cloudops/aws/aws.go:496.2,497.16 2 1
github.com/libopenstorage/cloudops/aws/aws.go:501.2,501.22 1 1
github.com/libopenstorage/cloudops/aws/aws.go:493.16,495.3 1 0
github.com/libopenstorage/cloudops/aws/aws.go:497.16,500.3 1 0
github.com/libopenstorage/cloudops/aws/aws.go:505.103,508.2 2 1
github.com/libopenstorage/cloudops/aws/aws.go:511.90,513.2 1 0
github.com/libopenstorage/cloudops/aws/aws.go:523.95,528.38 2 1
github.com/libopenstorage/cloudops/aws/aws.go:543.2,544.35 2 1
github.com/libopenstorage/cloudops/aws/aws.go:547.2,547.24 1 1
github.com/libopenstorage/cloudops/aws/aws.go:528.38,531.14 3 1
github.com/libopenstorage/cloudops/aws/aws.go:537.3,537.169 1 1
github.com/libopenstorage/cloudops/aws/aws.go:541.3,541.23 1 1
github.com/libopenstorage/cloudops/aws/aws.go:531.14,533.4 1 1
github.com/libopenstorage/cloudops/aws/aws.go:533.9,535.4 1 0
github.com/libopenstorage/cloudops/aws/aws.go:537.169,540.4 2 0
github.com/libopenstorage/cloudops/aws/aws.go:544.35,546.4 1 0
github.com/libopenstorage/cloudops/aws/aws.go:553.21,562.16 4 0
github.com/libopenstorage/cloudops/aws/aws.go:565.2,566.16 2 0
github.com/libopenstorage/cloudops/aws/aws.go:570.2,571.33 2 0
github.com/libopenstorage/cloudops/aws/aws.go:588.2,589.40 2 0
github.com/libopenstorage/cloudops/aws/aws.go:604.2,604.37 1 0
github.com/libopenstorage/cloudops/aws/aws.go:642.2,643.16 2 0
github.com/libopenstorage/cloudops/aws/aws.go:647.2,649.38 3 0
github.com/libopenstorage/cloudops/aws/aws.go:655.2,655.16 1 0
github.com/libopenstorage/cloudops/aws/aws.go:658.2,658.35 1 0
github.com/libopenstorage/cloudops/aws/aws.go:562.16,564.3 1 0
github.com/libopenstorage/cloudops/aws/aws.go:566.16,568.3 1 0
github.com/libopenstorage/cloudops/aws/aws.go:571.33,572.42 1 0
github.com/libopenstorage/cloudops/aws/aws.go:576.3,577.17 2 0
github.com/libopenstorage/cloudops/aws/aws.go:581.3,581.43 1 0
github.com/libopenstorage/cloudops/aws/aws.go:585.3,585.30 1 0
github.com/libopenstorage/cloudops/aws/aws.go:572.42,573.12 1 0
github.com/libopenstorage/cloudops/aws/aws.go:577.17,579.4 1 0
github.com/libopenstorage/cloudops/aws/aws.go:581.43,583.4 1 0
github.com/libopenstorage/cloudops/aws/aws.go:589.40,592.28 2 0
github.com/libopenstorage/cloudops/aws/aws.go:595.3,597.32 2 0
github.com/libopenstorage/cloudops/aws/aws.go:601.3,601.30 1 0
github.com/libopenstorage/cloudops/aws/aws.go:592.28,594.4 1 0
github.com/libopenstorage/cloudops/aws/aws.go:597.32,598.12 1 0
github.com/libopenstorage/cloudops/aws/aws.go:604.37,607.45 1 0
github.com/libopenstorage/cloudops/aws/aws.go:616.3,623.23 3 0
github.com/libopenstorage/cloudops/aws/aws.go:607.45,609.46 2 0
github.com/libopenstorage/cloudops/aws/aws.go:609.46,611.47 2 0
github.com/libopenstorage/cloudops/aws/aws.go:611.47,613.6 1 0
github.com/libopenstorage/cloudops/aws/aws.go:623.23,625.27 2 0
github.com/libopenstorage/cloudops/aws/aws.go:629.4,629.34 1 0
github.com/libopenstorage/cloudops/aws/aws.go:625.27,626.13 1 0
github.com/libopenstorage/cloudops/aws/aws.go:630.9,630.30 1 0
github.com/libopenstorage/cloudops/aws/aws.go:630.30,632.12 1 0
github.com/libopenstorage/cloudops/aws/aws.go:633.9,635.4 1 0
github.com/libopenstorage/cloudops/aws/aws.go:643.16,645.3 1 0
github.com/libopenstorage/cloudops/aws/aws.go:649.38,650.15 1 0
github.com/libopenstorage/cloudops/aws/aws.go:650.15,653.4 2 0
github.com/libopenstorage/cloudops/aws/aws.go:655.16,657.3 1 0
github.com/libopenstorage/cloudops/aws/aws.go:661.67,664.16 3 0
github.com/libopenstorage/cloudops/aws/aws.go:667.2,667.18 1 0
github.com/libopenstorage/cloudops/aws/aws.go:664.16,666.3 1 0
github.com/libopenstorage/cloudops/aws/aws.go:670.62,672.16 2 0
github.com/libopenstorage/cloudops/aws/aws.go:676.2,676.20 1 0
github.com/libopenstorage/cloudops/aws/aws.go:681.2,682.9 2 0
github.com/libopenstorage/cloudops/aws/aws.go:688.2,688.18 1 0
github.com/libopenstorage/cloudops/aws/aws.go:672.16,674.3 1 0
github.com/libopenstorage/cloudops/aws/aws.go:676.20,679.3 1 0
github.com/libopenstorage/cloudops/aws/aws.go:682.9,686.3 1 0
github.com/libopenstorage/cloudops/aws/aws.go:691.46,694.2 1 0
github.com/libopenstorage/cloudops/aws/aws.go:696.48,698.2 1 0
github.com/libopenstorage/cloudops/aws/aws.go:700.63,701.36 1 0
github.com/libopenstorage/cloudops/aws/aws.go:701.36,703.3 1 0
github.com/libopenstorage/cloudops/aws/aws.go:703.8,703.45 1 0
github.com/libopenstorage/cloudops/aws/aws.go:703.45,705.3 1 0
github.com/libopenstorage/cloudops/aws/aws.go:705.8,707.3 1 0
github.com/libopenstorage/cloudops/aws/aws.go:710.70,713.16 3 0
github.com/libopenstorage/cloudops/aws/aws.go:717.2,718.33 2 0
github.com/libopenstorage/cloudops/aws/aws.go:722.2,722.21 1 0
github.com/libopenstorage/cloudops/aws/aws.go:713.16,715.3 1 0
github.com/libopenstorage/cloudops/aws/aws.go:718.33,720.3 1 0
github.com/libopenstorage/cloudops/aws/aws.go:725.67,727.16 2 0
github.com/libopenstorage/cloudops/aws/aws.go:731.2,732.31 2 0
github.com/libopenstorage/cloudops/aws/aws.go:735.2,735.20 1 0
github.com/libopenstorage/cloudops/aws/aws.go:727.16,729.3 1 0
github.com/libopenstorage/cloudops/aws/aws.go:732.31,734.3 1 0
github.com/libopenstorage/cloudops/aws/aws.go:742.37,749.16 5 0
github.com/libopenstorage/cloudops/aws/aws.go:754.2,754.38 1 0
github.com/libopenstorage/cloudops/aws/aws.go:775.2,775.18 1 0
github.com/libopenstorage/cloudops/aws/aws.go:749.16,751.3 1 0
github.com/libopenstorage/cloudops/aws/aws.go:754.38,755.21 1 0
github.com/libopenstorage/cloudops/aws/aws.go:758.3,758.30 1 0
github.com/libopenstorage/cloudops/aws/aws.go:755.21,756.12 1 0
github.com/libopenstorage/cloudops/aws/aws.go:758.30,760.4 1 0
github.com/libopenstorage/cloudops/aws/aws.go:760.9,762.33 2 0
github.com/libopenstorage/cloudops/aws/aws.go:769.4,769.14 1 0
github.com/libopenstorage/cloudops/aws/aws.go:762.33,763.39 1 0
github.com/libopenstorage/cloudops/aws/aws.go:763.39,766.11 3 0
github.com/libopenstorage/cloudops/aws/aws.go:769.14,771.5 1 0
github.com/libopenstorage/cloudops/aws/aws.go:781.24,783.9 2 0
github.com/libopenstorage/cloudops/aws/aws.go:788.2,798.27 2 0
github.com/libopenstorage/cloudops/aws/aws.go:803.2,803.42 1 0
github.com/libopenstorage/cloudops/aws/aws.go:827.2,827.75 1 0
github.com/libopenstorage/cloudops/aws/aws.go:831.2,832.16 2 0
github.com/libopenstorage/cloudops/aws/aws.go:835.2,838.16 1 0
github.com/libopenstorage/cloudops/aws/aws.go:841.2,841.36 1 0
github.com/libopenstorage/cloudops/aws/aws.go:783.9,786.3 1 0
github.com/libopenstorage/cloudops/aws/aws.go:798.27,801.3 2 0
github.com/libopenstorage/cloudops/aws/aws.go:803.42,809.32 4 0
github.com/libopenstorage/cloudops/aws/aws.go:816.3,816.28 1 0
github.com/libopenstorage/cloudops/aws/aws.go:822.3,823.59 2 0
github.com/libopenstorage/cloudops/aws/aws.go:809.32,814.4 3 0
github.com/libopenstorage/cloudops/aws/aws.go:816.28,821.4 3 0
github.com/libopenstorage/cloudops/aws/aws.go:827.75,829.3 1 0
github.com/libopenstorage/cloudops/aws/aws.go:832.16,834.3 1 0
github.com/libopenstorage/cloudops/aws/aws.go:838.16,840.3 1 0
github.com/libopenstorage/cloudops/aws/aws.go:844.49,846.2 1 0
github.com/libopenstorage/cloudops/aws/aws.go:848.42,852.2 3 0
github.com/libopenstorage/cloudops/aws/aws.go:854.85,859.16 4 0
github.com/libopenstorage/cloudops/aws/aws.go:863.2,864.45 2 0
github.com/libopenstorage/cloudops/aws/aws.go:868.2,869.16 2 0
github.com/libopenstorage/cloudops/aws/aws.go:873.2,873.33 1 0
github.com/libopenstorage/cloudops/aws/aws.go:900.2,900.91 1 0
github.com/libopenstorage/cloudops/aws/aws.go:859.16,861.3 1 0
github.com/libopenstorage/cloudops/aws/aws.go:864.45,866.3 1 0
github.com/libopenstorage/cloudops/aws/aws.go:869.16,871.3 1 0
github.com/libopenstorage/cloudops/aws/aws.go:873.33,879.52 2 0
github.com/libopenstorage/cloudops/aws/aws.go:888.3,893.17 2 0
github.com/libopenstorage/cloudops/aws/aws.go:897.3,897.37 1 0
github.com/libopenstorage/cloudops/aws/aws.go:879.52,880.58 1 0
github.com/libopenstorage/cloudops/aws/aws.go:885.4,885.18 1 0
github.com/libopenstorage/cloudops/aws/aws.go:880.58,882.13 2 0
github.com/libopenstorage/cloudops/aws/aws.go:893.17,895.4 1 0
github.com/libopenstorage/cloudops/aws/aws.go:903.48,905.2 1 0
github.com/libopenstorage/cloudops/aws/aws.go:907.66,909.2 1 0
github.com/libopenstorage/cloudops/aws/aws.go:911.70,918.51 3 0
github.com/libopenstorage/cloudops/aws/aws.go:921.2,925.12 2 0
github.com/libopenstorage/cloudops/aws/aws.go:918.51,920.3 1 0
github.com/libopenstorage/cloudops/aws/aws.go:931.19,933.16 2 0
github.com/libopenstorage/cloudops/aws/aws.go:936.2,937.38 2 0
github.com/libopenstorage/cloudops/aws/aws.go:943.2,949.16 4 0
github.com/libopenstorage/cloudops/aws/aws.go:953.2,953.98 1 0
github.com/libopenstorage/cloudops/aws/aws.go:958.2,964.41 2 0
github.com/libopenstorage/cloudops/aws/aws.go:986.2,987.34 2 0
github.com/libopenstorage/cloudops/aws/aws.go:933.16,935.3 1 0
github.com/libopenstorage/cloudops/aws/aws.go:937.38,941.3 1 0
github.com/libopenstorage/cloudops/aws/aws.go:949.16,951.3 1 0
github.com/libopenstorage/cloudops/aws/aws.go:953.98,955.3 1 0
github.com/libopenstorage/cloudops/aws/aws.go:964.41,970.17 3 0
github.com/libopenstorage/cloudops/aws/aws.go:973.3,974.36 2 0
github.com/libopenstorage/cloudops/aws/aws.go:977.3,981.85 2 0
github.com/libopenstorage/cloudops/aws/aws.go:984.3,984.20 1 0
github.com/libopenstorage/cloudops/aws/aws.go:970.17,972.4 1 0
github.com/libopenstorage/cloudops/aws/aws.go:974.36,976.4 1 0
github.com/libopenstorage/cloudops/aws/aws.go:981.85,983.4 1 0
github.com/libopenstorage/cloudops/aws/aws.go:994.24,999.2 2 0
github.com/libopenstorage/cloudops/aws/aws.go:1001.54,1008.2 3 0
github.com/libopenstorage/cloudops/aws/aws.go:1010.62,1012.16 2 0
github.com/libopenstorage/cloudops/aws/aws.go:1016.2,1016.57 1 0
github.com/libopenstorage/cloudops/aws/aws.go:1020.2,1020.42 1 0
github.com/libopenstorage/cloudops/aws/aws.go:1024.2,1024.50 1 0
github.com/libopenstorage/cloudops/aws/aws.go:1031.2,1031.37 1 0
github.com/libopenstorage/cloudops/aws/aws.go:1035.2,1035.68 1 0
github.com/libopenstorage/cloudops/aws/aws.go:1040.2,1040.38 1 0
github.com/libopenstorage/cloudops/aws/aws.go:1044.2,1045.16 2 0
github.com/libopenstorage/cloudops/aws/aws.go:1049.2,1049.24 1 0
github.com/libopenstorage/cloudops/aws/aws.go:1012.16,1014.3 1 0
github.com/libopenstorage/cloudops/aws/aws.go:1016.57,1019.3 1 0
github.com/libopenstorage/cloudops/aws/aws.go:1020.42,1023.3 1 0
github.com/libopenstorage/cloudops/aws/aws.go:1024.50,1030.3 1 0
github.com/libopenstorage/cloudops/aws/aws.go:1031.37,1034.3 1 0
github.com/libopenstorage/cloudops/aws/aws.go:1035.68,1039.3 1 0
github.com/libopenstorage/cloudops/aws/aws.go:1040.38,1043.3 1 0
github.com/libopenstorage/cloudops/aws/aws.go:1045.16,1048.3 1 0
github.com/libopenstorage/cloudops/aws/aws.go:1052.68,1054.16 2 1
github.com/libopenstorage/cloudops/aws/aws.go:1057.2,1058.16 2 1
github.com/libopenstorage/cloudops/aws/aws.go:1062.2,1063.16 2 0
github.com/libopenstorage/cloudops/aws/aws.go:1067.2,1068.16 2 0
github.com/libopenstorage/cloudops/aws/aws.go:1072.2,1073.16 2 0
github.com/libopenstorage/cloudops/aws/aws.go:1080.2,1080.56 1 0
github.com/libopenstorage/cloudops/aws/aws.go:1054.16,1056.3 1 0
github.com/libopenstorage/cloudops/aws/aws.go:1058.16,1060.3 1 1
github.com/libopenstorage/cloudops/aws/aws.go:1063.16,1065.3 1 0
github.com/libopenstorage/cloudops/aws/aws.go:1068.16,1070.3 1 0
github.com/libopenstorage/cloudops/aws/aws.go:1073.16,1075.27 1 0
github.com/libopenstorage/cloudops/aws/aws.go:1075.27,1077.4 1 0
github.com/libopenstorage/cloudops/aws/aws.go:1083.37,1085.2 1 1
github.com/libopenstorage/cloudops/aws/aws.go:1087.55,1089.16 2 1
github.com/libopenstorage/cloudops/aws/aws.go:1093.2,1094.16 2 0
github.com/libopenstorage/cloudops/aws/aws.go:1098.2,1099.16 2 0
github.com/libopenstorage/cloudops/aws/aws.go:1103.2,1103.65 1 0
github.com/libopenstorage/cloudops/aws/aws.go:1107.2,1107.42 1 0
github.com/libopenstorage/cloudops/aws/aws.go:1089.16,1091.3 1 1
github.com/libopenstorage/cloudops/aws/aws.go:1094.16,1096.3 1 0
github.com/libopenstorage/cloudops/aws/aws.go:1099.16,1101.3 1 0
github.com/libopenstorage/cloudops/aws/aws.go:1103.65,1105.3 1 0
github.com/libopenstorage/cloudops/aws/aws.go:1111.79,1116.16 3 0
github.com/libopenstorage/cloudops/aws/aws.go:1119.2,1119.32 1 0
github.com/libopenstorage/cloudops/aws/aws.go:1123.2,1123.45 1 0
github.com/libopenstorage/cloudops/aws/aws.go:1127.2,1127.46 1 0
github.com/libopenstorage/cloudops/aws/aws.go:1116.16,1118.3 1 0
github.com/libopenstorage/cloudops/aws/aws.go:1119.32,1122.3 1 0
github.com/libopenstorage/cloudops/aws/aws.go:1123.45,1126.3 1 0
github.com/libopenstorage/cloudops/aws/aws.go:1130.58,1133.8 3 0
github.com/libopenstorage/cloudops/aws/aws.go:1149.2,1150.8 2 0
github.com/libopenstorage/cloudops/aws/aws.go:1166.2,1166.15 1 0
github.com/libopenstorage/cloudops/aws/aws.go:1133.8,1134.31 1 0
github.com/libopenstorage/cloudops/aws/aws.go:1146.3,1146.16 1 0
github.com/libopenstorage/cloudops/aws/aws.go:1134.31,1135.18 1 0
github.com/libopenstorage/cloudops/aws/aws.go:1139.4,1139.42 1 0
github.com/libopenstorage/cloudops/aws/aws.go:1143.4,1143.33 1 0
github.com/libopenstorage/cloudops/aws/aws.go:1135.18,1136.13 1 0
github.com/libopenstorage/cloudops/aws/aws.go:1139.42,1140.13 1 0
github.com/libopenstorage/cloudops/aws/aws.go:1150.8,1151.39 1 0
github.com/libopenstorage/cloudops/aws/aws.go:1163.3,1163.16 1 0
github.com/libopenstorage/cloudops/aws/aws.go:1151.39,1152.18 1 0
github.com/libopenstorage/cloudops/aws/aws.go:1156.4,1156.42 1 0
github.com/libopenstorage/cloudops/aws/aws.go:1160.4,1160.33 1 0
github.com/libopenstorage/cloudops/aws/aws.go:1152.18,1153.13 1 0
github.com/libopenstorage/cloudops/aws/aws.go:1156.42,1157.13 1 0
github.com/libopenstorage/cloudops/aws/aws.go:1169.41,1182.16 2 1
github.com/libopenstorage/cloudops/aws/aws.go:1189.2,1189.14 1 1
github.com/libopenstorage/cloudops/aws/aws.go:1182.16,1183.43 1 1
github.com/libopenstorage/cloudops/aws/aws.go:1183.43,1184.50 1 1
github.com/libopenstorage/cloudops/aws/aws.go:1184.50,1186.5 1 0
github.com/libopenstorage/cloudops/aws/aws.go:1192.35,1194.25 2 0
github.com/libopenstorage/cloudops/aws/aws.go:1198.2,1198.17 1 0
github.com/libopenstorage/cloudops/aws/aws.go:1194.25,1196.3 1 0
github.com/libopenstorage/cloudops/gce/gce.go:70.23,74.2 3 4
github.com/libopenstorage/cloudops/gce/gce.go:77.40,81.22 3 2
github.com/libopenstorage/cloudops/gce/gce.go:89.2,89.16 1 2
github.com/libopenstorage/cloudops/gce/gce.go:93.2,95.16 3 2
github.com/libopenstorage/cloudops/gce/gce.go:99.2,100.16 2 2
github.com/libopenstorage/cloudops/gce/gce.go:104.2,113.8 1 2
github.com/libopenstorage/cloudops/gce/gce.go:81.22,83.3 1 0
github.com/libopenstorage/cloudops/gce/gce.go:83.8,83.34 1 2
github.com/libopenstorage/cloudops/gce/gce.go:83.34,85.3 1 2
github.com/libopenstorage/cloudops/gce/gce.go:85.8,87.3 1 0
github.com/libopenstorage/cloudops/gce/gce.go:89.16,91.3 1 0
github.com/libopenstorage/cloudops/gce/gce.go:95.16,97.3 1 0
github.com/libopenstorage/cloudops/gce/gce.go:100.16,102.3 1 0
github.com/libopenstorage/cloudops/gce/gce.go:116.32,116.63 1 0
github.com/libopenstorage/cloudops/gce/gce.go:118.38,118.60 1 1
github.com/libopenstorage/cloudops/gce/gce.go:120.85,122.16 2 2
github.com/libopenstorage/cloudops/gce/gce.go:126.2,136.22 2 0
github.com/libopenstorage/cloudops/gce/gce.go:122.16,124.3 1 2
github.com/libopenstorage/cloudops/gce/gce.go:140.53,141.16 1 0
github.com/libopenstorage/cloudops/gce/gce.go:162.2,162.38 1 0
github.com/libopenstorage/cloudops/gce/gce.go:142.22,143.14 1 0
github.com/libopenstorage/cloudops/gce/gce.go:144.17,145.40 1 0
github.com/libopenstorage/cloudops/gce/gce.go:146.17,147.38 1 0
github.com/libopenstorage/cloudops/gce/gce.go:148.20,149.14 1 0
github.com/libopenstorage/cloudops/gce/gce.go:150.18,151.14 1 0
github.com/libopenstorage/cloudops/gce/gce.go:152.19,153.43 1 0
github.com/libopenstorage/cloudops/gce/gce.go:154.20,155.14 1 0
github.com/libopenstorage/cloudops/gce/gce.go:156.19,157.14 1 0
github.com/libopenstorage/cloudops/gce/gce.go:158.17,159.39 1 0
github.com/libopenstorage/cloudops/gce/gce.go:165.106,167.16 2 0
github.com/libopenstorage/cloudops/gce/gce.go:171.2,172.17 2 0
github.com/libopenstorage/cloudops/gce/gce.go:176.2,183.34 2 0
github.com/libopenstorage/cloudops/gce/gce.go:224.2,227.24 1 0
github.com/libopenstorage/cloudops/gce/gce.go:234.2,234.47 1 0
github.com/libopenstorage/cloudops/gce/gce.go:296.2,296.70 1 0
github.com/libopenstorage/cloudops/gce/gce.go:167.16,169.3 1 0
github.com/libopenstorage/cloudops/gce/gce.go:172.17,174.3 1 0
github.com/libopenstorage/cloudops/gce/gce.go:183.34,184.18 1 0
github.com/libopenstorage/cloudops/gce/gce.go:188.3,188.33 1 0
github.com/libopenstorage/cloudops/gce/gce.go:196.3,196.38 1 0
github.com/libopenstorage/cloudops/gce/gce.go:204.3,204.37 1 0
github.com/libopenstorage/cloudops/gce/gce.go:212.3,212.32 1 0
github.com/libopenstorage/cloudops/gce/gce.go:184.18,185.12 1 0
github.com/libopenstorage/cloudops/gce/gce.go:188.33,189.25 1 0
github.com/libopenstorage/cloudops/gce/gce.go:193.4,193.32 1 0
github.com/libopenstorage/cloudops/gce/gce.go:189.25,191.5 1 0
github.com/libopenstorage/cloudops/gce/gce.go:196.38,197.25 1 0
github.com/libopenstorage/cloudops/gce/gce.go:201.4,201.34 1 0
github.com/libopenstorage/cloudops/gce/gce.go:197.25,199.5 1 0
github.com/libopenstorage/cloudops/gce/gce.go:204.37,205.25 1 0
github.com/libopenstorage/cloudops/gce/gce.go:209.4,209.33 1 0
github.com/libopenstorage/cloudops/gce/gce.go:205.25,207.5 1 0
github.com/libopenstorage/cloudops/gce/gce.go:212.32,213.25 1 0
github.com/libopenstorage/cloudops/gce/gce.go:217.4,218.18 2 0
github.com/libopenstorage/cloudops/gce/gce.go:213.25,215.5 1 0
github.com/libopenstorage/cloudops/gce/gce.go:218.18,220.5 1 0
github.com/libopenstorage/cloudops/gce/gce.go:227.24,232.3 1 0
github.com/libopenstorage/cloudops/gce/gce.go:234.47,235.30 1 0
github.com/libopenstorage/cloudops/gce/gce.go:235.30,239.18 3 0
github.com/libopenstorage/cloudops/gce/gce.go:244.4,245.53 2 0
github.com/libopenstorage/cloudops/gce/gce.go:255.4,256.18 2 0
github.com/libopenstorage/cloudops/gce/gce.go:260.4,261.13 2 0
github.com/libopenstorage/cloudops/gce/gce.go:269.4,278.35 2 0
github.com/libopenstorage/cloudops/gce/gce.go:288.4,288.30 1 0
github.com/libopenstorage/cloudops/gce/gce.go:292.4,292.22 1 0
github.com/libopenstorage/cloudops/gce/gce.go:239.18,242.5 2 0
github.com/libopenstorage/cloudops/gce/gce.go:245.53,248.23 2 0
github.com/libopenstorage/cloudops/gce/gce.go:252.5,252.47 1 0
github.com/libopenstorage/cloudops/gce/gce.go:248.23,250.6 1 0
github.com/libopenstorage/cloudops/gce/gce.go:256.18,258.5 1 0
github.com/libopenstorage/cloudops/gce/gce.go:261.13,264.5 2 0
github.com/libopenstorage/cloudops/gce/gce.go:264.10,268.5 2 0
github.com/libopenstorage/cloudops/gce/gce.go:278.35,286.5 5 0
github.com/libopenstorage/cloudops/gce/gce.go:288.30,290.5 1 0
github.com/libopenstorage/cloudops/gce/gce.go:301.34,303.16 2 0
github.com/libopenstorage/cloudops/gce/gce.go:307.2,308.24 2 0
github.com/libopenstorage/cloudops/gce/gce.go:314.2,314.41 1 0
github.com/libopenstorage/cloudops/gce/gce.go:318.2,324.16 3 0
github.com/libopenstorage/cloudops/gce/gce.go:327.2,327.72 1 0
github.com/libopenstorage/cloudops/gce/gce.go:303.16,305.3 1 0
github.com/libopenstorage/cloudops/gce/gce.go:308.24,310.3 1 0
github.com/libopenstorage/cloudops/gce/gce.go:310.8,312.3 1 0
github.com/libopenstorage/cloudops/gce/gce.go:314.41,316.3 1 0
github.com/libopenstorage/cloudops/gce/gce.go:324.16,326.3 1 0
github.com/libopenstorage/cloudops/gce/gce.go:330.85,336.16 5 0
github.com/libopenstorage/cloudops/gce/gce.go:340.2,340.23 1 0
github.com/libopenstorage/cloudops/gce/gce.go:344.2,355.16 4 0
github.com/libopenstorage/cloudops/gce/gce.go:359.2,359.89 1 0
github.com/libopenstorage/cloudops/gce/gce.go:363.2,364.16 2 0
github.com/libopenstorage/cloudops/gce/gce.go:368.2,368.24 1 0
github.com/libopenstorage/cloudops/gce/gce.go:336.16,338.3 1 0
github.com/libopenstorage/cloudops/gce/gce.go:340.23,342.3 1 0
github.com/libopenstorage/cloudops/gce/gce.go:355.16,357.3 1 0
github.com/libopenstorage/cloudops/gce/gce.go:359.89,361.3 1 0
github.com/libopenstorage/cloudops/gce/gce.go:364.16,366.3 1 0
github.com/libopenstorage/cloudops/gce/gce.go:374.24,376.9 2 0
github.com/libopenstorage/cloudops/gce/gce.go:381.2,393.16 3 0
github.com/libopenstorage/cloudops/gce/gce.go:397.2,397.90 1 0
github.com/libopenstorage/cloudops/gce/gce.go:401.2,401.82 1 0
github.com/libopenstorage/cloudops/gce/gce.go:405.2,406.16 2 0
github.com/libopenstorage/cloudops/gce/gce.go:410.2,410.15 1 0
github.com/libopenstorage/cloudops/gce/gce.go:376.9,379.3 1 0
github.com/libopenstorage/cloudops/gce/gce.go:393.16,395.3 1 0
github.com/libopenstorage/cloudops/gce/gce.go:397.90,399.3 1 0
github.com/libopenstorage/cloudops/gce/gce.go:401.82,403.3 1 0
github.com/libopenstorage/cloudops/gce/gce.go:406.16,408.3 1 0
github.com/libopenstorage/cloudops/gce/gce.go:413.49,415.2 1 0
github.com/libopenstorage/cloudops/gce/gce.go:417.94,420.16 2 0
github.com/libopenstorage/cloudops/gce/gce.go:424.2,424.41 1 0
github.com/libopenstorage/cloudops/gce/gce.go:443.2,444.16 2 0
github.com/libopenstorage/cloudops/gce/gce.go:448.2,448.12 1 0
github.com/libopenstorage/cloudops/gce/gce.go:420.16,422.3 1 0
github.com/libopenstorage/cloudops/gce/gce.go:424.41,427.17 2 0
github.com/libopenstorage/cloudops/gce/gce.go:433.3,433.33 1 0
github.com/libopenstorage/cloudops/gce/gce.go:437.3,440.50 1 0
github.com/libopenstorage/cloudops/gce/gce.go:427.17,430.4 1 0
github.com/libopenstorage/cloudops/gce/gce.go:433.33,435.4 1 0
github.com/libopenstorage/cloudops/gce/gce.go:444.16,446.3 1 0
github.com/libopenstorage/cloudops/gce/gce.go:451.42,455.72 4 0
github.com/libopenstorage/cloudops/gce/gce.go:474.2,474.12 1 0
github.com/libopenstorage/cloudops/gce/gce.go:478.2,478.12 1 0
github.com/libopenstorage/cloudops/gce/gce.go:455.72,456.45 1 0
github.com/libopenstorage/cloudops/gce/gce.go:468.3,468.13 1 0
github.com/libopenstorage/cloudops/gce/gce.go:456.45,457.46 1 0
github.com/libopenstorage/cloudops/gce/gce.go:457.46,458.24 1 0
github.com/libopenstorage/cloudops/gce/gce.go:458.24,461.20 3 0
github.com/libopenstorage/cloudops/gce/gce.go:464.6,464.73 1 0
github.com/libopenstorage/cloudops/gce/gce.go:461.20,463.7 1 0
github.com/libopenstorage/cloudops/gce/gce.go:469.17,472.3 2 0
github.com/libopenstorage/cloudops/gce/gce.go:474.12,476.3 1 0
github.com/libopenstorage/cloudops/gce/gce.go:481.50,483.2 1 0
github.com/libopenstorage/cloudops/gce/gce.go:485.68,487.2 1 0
github.com/libopenstorage/cloudops/gce/gce.go:489.72,495.16 2 0
github.com/libopenstorage/cloudops/gce/gce.go:499.2,499.89 1 0
github.com/libopenstorage/cloudops/gce/gce.go:503.2,505.16 3 0
github.com/libopenstorage/cloudops/gce/gce.go:509.2,510.16 2 0
github.com/libopenstorage/cloudops/gce/gce.go:514.2,514.12 1 0
github.com/libopenstorage/cloudops/gce/gce.go:495.16,497.3 1 0
github.com/libopenstorage/cloudops/gce/gce.go:499.89,501.3 1 0
github.com/libopenstorage/cloudops/gce/gce.go:505.16,507.3 1 0
github.com/libopenstorage/cloudops/gce/gce.go:510.16,512.3 1 0
github.com/libopenstorage/cloudops/gce/gce.go:517.62,536.16 2 0
github.com/libopenstorage/cloudops/gce/gce.go:539.2,540.35 2 0
github.com/libopenstorage/cloudops/gce/gce.go:556.2,556.15 1 0
github.com/libopenstorage/cloudops/gce/gce.go:536.16,538.3 1 0
github.com/libopenstorage/cloudops/gce/gce.go:540.35,541.13 1 0
github.com/libopenstorage/cloudops/gce/gce.go:545.3,547.17 3 0
github.com/libopenstorage/cloudops/gce/gce.go:553.3,553.35 1 0
github.com/libopenstorage/cloudops/gce/gce.go:541.13,542.12 1 0
github.com/libopenstorage/cloudops/gce/gce.go:547.17,552.4 1 0
github.com/libopenstorage/cloudops/gce/gce.go:559.62,562.36 2 0
github.com/libopenstorage/cloudops/gce/gce.go:571.2,571.23 1 0
github.com/libopenstorage/cloudops/gce/gce.go:577.2,579.16 3 0
github.com/libopenstorage/cloudops/gce/gce.go:583.2,583.38 1 0
github.com/libopenstorage/cloudops/gce/gce.go:597.2,601.15 1 0
github.com/libopenstorage/cloudops/gce/gce.go:562.36,567.3 1 0
github.com/libopenstorage/cloudops/gce/gce.go:567.8,567.23 1 0
github.com/libopenstorage/cloudops/gce/gce.go:567.23,569.3 1 0
github.com/libopenstorage/cloudops/gce/gce.go:571.23,575.3 2 0
github.com/libopenstorage/cloudops/gce/gce.go:579.16,581.3 1 0
github.com/libopenstorage/cloudops/gce/gce.go:583.38,584.36 1 0
github.com/libopenstorage/cloudops/gce/gce.go:584.36,587.18 3 0
github.com/libopenstorage/cloudops/gce/gce.go:590.4,593.17 1 0
github.com/libopenstorage/cloudops/gce/gce.go:587.18,589.5 1 0
github.com/libopenstorage/cloudops/gce/gce.go:608.37,612.16 3 0
github.com/libopenstorage/cloudops/gce/gce.go:616.2,616.32 1 0
github.com/libopenstorage/cloudops/gce/gce.go:635.2,635.18 1 0
github.com/libopenstorage/cloudops/gce/gce.go:612.16,614.3 1 0
github.com/libopenstorage/cloudops/gce/gce.go:616.32,617.30 1 0
github.com/libopenstorage/cloudops/gce/gce.go:617.30,619.4 1 0
github.com/libopenstorage/cloudops/gce/gce.go:619.9,621.33 2 0
github.com/libopenstorage/cloudops/gce/gce.go:629.4,629.14 1 0
github.com/libopenstorage/cloudops/gce/gce.go:621.33,622.29 1 0
github.com/libopenstorage/cloudops/gce/gce.go:622.29,625.11 3 0
github.com/libopenstorage/cloudops/gce/gce.go:629.14,631.5 1 0
github.com/libopenstorage/cloudops/gce/gce.go:641.21,643.2 1 0
github.com/libopenstorage/cloudops/gce/gce.go:645.64,646.39 1 0
github.com/libopenstorage/cloudops/gce/gce.go:646.39,648.3 1 0
github.com/libopenstorage/cloudops/gce/gce.go:648.8,648.50 1 0
github.com/libopenstorage/cloudops/gce/gce.go:648.50,650.3 1 0
github.com/libopenstorage/cloudops/gce/gce.go:650.8,652.3 1 0
github.com/libopenstorage/cloudops/gce/gce.go:658.19,661.16 2 0
github.com/libopenstorage/cloudops/gce/gce.go:664.2,666.38 2 0
github.com/libopenstorage/cloudops/gce/gce.go:672.2,677.16 2 0
github.com/libopenstorage/cloudops/gce/gce.go:682.2,689.41 2 0
github.com/libopenstorage/cloudops/gce/gce.go:699.2,700.34 2 0
github.com/libopenstorage/cloudops/gce/gce.go:661.16,663.3 1 0
github.com/libopenstorage/cloudops/gce/gce.go:666.38,670.3 1 0
github.com/libopenstorage/cloudops/gce/gce.go:677.16,679.3 1 0
github.com/libopenstorage/cloudops/gce/gce.go:689.41,691.17 2 0
github.com/libopenstorage/cloudops/gce/gce.go:694.3,694.33 1 0
github.com/libopenstorage/cloudops/gce/gce.go:697.3,697.20 1 0
github.com/libopenstorage/cloudops/gce/gce.go:691.17,693.4 1 0
github.com/libopenstorage/cloudops/gce/gce.go:694.33,696.4 1 0
github.com/libopenstorage/cloudops/gce/gce.go:703.70,705.16 2 0
github.com/libopenstorage/cloudops/gce/gce.go:709.2,710.31 2 0
github.com/libopenstorage/cloudops/gce/gce.go:717.2,717.19 1 0
github.com/libopenstorage/cloudops/gce/gce.go:705.16,707.3 1 0
github.com/libopenstorage/cloudops/gce/gce.go:710.31,711.33 1 0
github.com/libopenstorage/cloudops/gce/gce.go:711.33,713.4 1 0
github.com/libopenstorage/cloudops/gce/gce.go:713.9,715.4 1 0
github.com/libopenstorage/cloudops/gce/gce.go:723.9,725.16 2 0
github.com/libopenstorage/cloudops/gce/gce.go:729.2,729.24 1 0
github.com/libopenstorage/cloudops/gce/gce.go:747.2,747.12 1 0
github.com/libopenstorage/cloudops/gce/gce.go:725.16,727.3 1 0
github.com/libopenstorage/cloudops/gce/gce.go:729.24,731.39 2 0
github.com/libopenstorage/cloudops/gce/gce.go:735.3,741.17 3 0
github.com/libopenstorage/cloudops/gce/gce.go:744.3,744.73 1 0
github.com/libopenstorage/cloudops/gce/gce.go:731.39,733.4 1 0
github.com/libopenstorage/cloudops/gce/gce.go:741.17,743.4 1 0
github.com/libopenstorage/cloudops/gce/gce.go:751.81,763.16 4 0
github.com/libopenstorage/cloudops/gce/gce.go:767.2,768.18 2 0
github.com/libopenstorage/cloudops/gce/gce.go:779.2,779.16 1 0
github.com/libopenstorage/cloudops/gce/gce.go:783.2,783.71 1 0
github.com/libopenstorage/cloudops/gce/gce.go:763.16,765.3 1 0
github.com/libopenstorage/cloudops/gce/gce.go:768.18,773.3 1 0
github.com/libopenstorage/cloudops/gce/gce.go:773.8,777.3 1 0
github.com/libopenstorage/cloudops/gce/gce.go:779.16,781.3 1 0
github.com/libopenstorage/cloudops/gce/gce.go:789.31,802.16 4 0
github.com/libopenstorage/cloudops/gce/gce.go:806.2,807.18 2 0
github.com/libopenstorage/cloudops/gce/gce.go:818.2,818.16 1 0
github.com/libopenstorage/cloudops/gce/gce.go:822.2,822.71 1 0
github.com/libopenstorage/cloudops/gce/gce.go:802.16,804.3 1 0
github.com/libopenstorage/cloudops/gce/gce.go:807.18,812.3 1 0
github.com/libopenstorage/cloudops/gce/gce.go:812.8,816.3 1 0
github.com/libopenstorage/cloudops/gce/gce.go:818.16,820.3 1 0
github.com/libopenstorage/cloudops/gce/gce.go:828.44,840.16 5 0
github.com/libopenstorage/cloudops/gce/gce.go:844.2,845.18 2 0
github.com/libopenstorage/cloudops/gce/gce.go:860.2,860.16 1 0
github.com/libopenstorage/cloudops/gce/gce.go:864.2,864.71 1 0
github.com/libopenstorage/cloudops/gce/gce.go:840.16,842.3 1 0
github.com/libopenstorage/cloudops/gce/gce.go:845.18,853.3 1 0
github.com/libopenstorage/cloudops/gce/gce.go:853.8,858.3 1 0
github.com/libopenstorage/cloudops/gce/gce.go:860.16,862.3 1 0
github.com/libopenstorage/cloudops/gce/gce.go:869.31,876.31 4 0
github.com/libopenstorage/cloudops/gce/gce.go:911.2,912.31 2 0
github.com/libopenstorage/cloudops/gce/gce.go:947.2,947.12 1 0
github.com/libopenstorage/cloudops/gce/gce.go:876.31,877.42 1 0
github.com/libopenstorage/cloudops/gce/gce.go:906.3,907.17 2 0
github.com/libopenstorage/cloudops/gce/gce.go:877.42,879.20 1 0
github.com/libopenstorage/cloudops/gce/gce.go:890.4,890.18 1 0
github.com/libopenstorage/cloudops/gce/gce.go:896.4,896.34 1 0
github.com/libopenstorage/cloudops/gce/gce.go:900.4,903.39 1 0
github.com/libopenstorage/cloudops/gce/gce.go:879.20,885.5 1 0
github.com/libopenstorage/cloudops/gce/gce.go:885.10,888.5 1 0
github.com/libopenstorage/cloudops/gce/gce.go:890.18,893.5 1 0
github.com/libopenstorage/cloudops/gce/gce.go:896.34,898.5 1 0
github.com/libopenstorage/cloudops/gce/gce.go:907.17,909.4 1 0
github.com/libopenstorage/cloudops/gce/gce.go:912.31,913.42 1 0
github.com/libopenstorage/cloudops/gce/gce.go:942.3,943.17 2 0
github.com/libopenstorage/cloudops/gce/gce.go:913.42,915.20 1 0
github.com/libopenstorage/cloudops/gce/gce.go:927.4,927.18 1 0
github.com/libopenstorage/cloudops/gce/gce.go:932.4,932.35 1 0
github.com/libopenstorage/cloudops/gce/gce.go:936.4,939.41 1 0
github.com/libopenstorage/cloudops/gce/gce.go:915.20,921.5 1 0
github.com/libopenstorage/cloudops/gce/gce.go:921.10,925.5 1 0
github.com/libopenstorage/cloudops/gce/gce.go:927.18,930.5 1 0
github.com/libopenstorage/cloudops/gce/gce.go:932.35,934.5 1 0
github.com/libopenstorage/cloudops/gce/gce.go:943.17,945.4 1 0
github.com/libopenstorage/cloudops/gce/gce.go:950.78,953.16 2 0
github.com/libopenstorage/cloudops/gce/gce.go:957.2,958.18 2 0
github.com/libopenstorage/cloudops/gce/gce.go:967.2,967.16 1 0
github.com/libopenstorage/cloudops/gce/gce.go:971.2,972.62 2 0
github.com/libopenstorage/cloudops/gce/gce.go:998.2,998.23 1 0
github.com/libopenstorage/cloudops/gce/gce.go:953.16,955.3 1 0
github.com/libopenstorage/cloudops/gce/gce.go:958.18,961.3 1 0
github.com/libopenstorage/cloudops/gce/gce.go:961.8,965.3 2 0
github.com/libopenstorage/cloudops/gce/gce.go:967.16,969.3 1 0
github.com/libopenstorage/cloudops/gce/gce.go:972.62,978.20 4 0
github.com/libopenstorage/cloudops/gce/gce.go:984.3,985.20 2 0
github.com/libopenstorage/cloudops/gce/gce.go:991.3,992.17 2 0
github.com/libopenstorage/cloudops/gce/gce.go:995.3,995.41 1 0
github.com/libopenstorage/cloudops/gce/gce.go:978.20,980.4 1 0
github.com/libopenstorage/cloudops/gce/gce.go:980.9,982.4 1 0
github.com/libopenstorage/cloudops/gce/gce.go:985.20,987.4 1 0
github.com/libopenstorage/cloudops/gce/gce.go:987.9,989.4 1 0
github.com/libopenstorage/cloudops/gce/gce.go:992.17,994.4 1 0
github.com/libopenstorage/cloudops/gce/gce.go:1001.78,1003.16 2 0
github.com/libopenstorage/cloudops/gce/gce.go:1007.2,1008.16 2 0
github.com/libopenstorage/cloudops/gce/gce.go:1012.2,1013.26 2 0
github.com/libopenstorage/cloudops/gce/gce.go:1026.2,1026.16 1 0
github.com/libopenstorage/cloudops/gce/gce.go:1030.2,1030.38 1 0
github.com/libopenstorage/cloudops/gce/gce.go:1003.16,1005.3 1 0
github.com/libopenstorage/cloudops/gce/gce.go:1008.16,1010.3 1 0
github.com/libopenstorage/cloudops/gce/gce.go:1013.26,1018.3 1 0
github.com/libopenstorage/cloudops/gce/gce.go:1018.8,1024.3 2 0
github.com/libopenstorage/cloudops/gce/gce.go:1026.16,1028.3 1 0
github.com/libopenstorage/cloudops/gce/gce.go:1033.51,1036.16 2 0
github.com/libopenstorage/cloudops/gce/gce.go:1040.2,1041.17 2 0
github.com/libopenstorage/cloudops/gce/gce.go:1045.2,1045.34 1 0
github.com/libopenstorage/cloudops/gce/gce.go:1058.2,1058.80 1 0
github.com/libopenstorage/cloudops/gce/gce.go:1036.16,1038.3 1 0
github.com/libopenstorage/cloudops/gce/gce.go:1041.17,1043.3 1 0
github.com/libopenstorage/cloudops/gce/gce.go:1045.34,1046.18 1 0
github.com/libopenstorage/cloudops/gce/gce.go:1050.3,1050.33 1 0
github.com/libopenstorage/cloudops/gce/gce.go:1046.18,1047.12 1 0
github.com/libopenstorage/cloudops/gce/gce.go:1050.33,1051.25 1 0
github.com/libopenstorage/cloudops/gce/gce.go:1055.4,1055.27 1 0
github.com/libopenstorage/cloudops/gce/gce.go:1051.25,1053.5 1 0
github.com/libopenstorage/cloudops/gce/gce.go:1064.24,1070.16 3 0
github.com/libopenstorage/cloudops/gce/gce.go:1074.2,1074.97 1 0
github.com/libopenstorage/cloudops/gce/gce.go:1078.2,1078.63 1 0
github.com/libopenstorage/cloudops/gce/gce.go:1082.2,1083.16 2 0
github.com/libopenstorage/cloudops/gce/gce.go:1087.2,1087.18 1 0
github.com/libopenstorage/cloudops/gce/gce.go:1070.16,1072.3 1 0
github.com/libopenstorage/cloudops/gce/gce.go:1074.97,1076.3 1 0
github.com/libopenstorage/cloudops/gce/gce.go:1078.63,1080.3 1 0
github.com/libopenstorage/cloudops/gce/gce.go:1083.16,1085.3 1 0
github.com/libopenstorage/cloudops/gce/gce.go:1090.54,1092.16 2 0
github.com/libopenstorage/cloudops/gce/gce.go:1095.2,1095.73 1 0
[...]
github.com/libopenstorage/cloudops/ibm/ibm.go:148.55,150.16 2 1
github.com/libopenstorage/cloudops/ibm/ibm.go:154.2,155.16 2 1
github.com/libopenstorage/cloudops/ibm/ibm.go:159.2,160.16 2 1
github.com/libopenstorage/cloudops/ibm/ibm.go:163.2,163.54 1 1
github.com/libopenstorage/cloudops/ibm/ibm.go:150.16,152.3 1 0
github.com/libopenstorage/cloudops/ibm/ibm.go:155.16,157.3 1 0
github.com/libopenstorage/cloudops/ibm/ibm.go:160.16,162.3 1 0
github.com/libopenstorage/cloudops/ibm/ibm.go:169.44,181.16 4 0
github.com/libopenstorage/cloudops/ibm/ibm.go:184.2,184.12 1 0
github.com/libopenstorage/cloudops/ibm/ibm.go:181.16,183.3 1 0
github.com/libopenstorage/cloudops/ibm/ibm.go:188.78,194.16 3 0
github.com/libopenstorage/cloudops/ibm/ibm.go:197.2,197.81 1 0
github.com/libopenstorage/cloudops/ibm/ibm.go:194.16,196.3 1 0
github.com/libopenstorage/cloudops/vsphere/storagemanager/vsphere.go:17.36,21.2 1 1
github.com/libopenstorage/cloudops/vsphere/storagemanager/vsphere.go:25.50,27.54 2 4
github.com/libopenstorage/cloudops/vsphere/storagemanager/vsphere.go:50.2,50.22 1 4
github.com/libopenstorage/cloudops/vsphere/storagemanager/vsphere.go:27.54,37.17 2 4
github.com/libopenstorage/cloudops/vsphere/storagemanager/vsphere.go:40.3,48.4 1 4
github.com/libopenstorage/cloudops/vsphere/storagemanager/vsphere.go:37.17,39.4 1 0
github.com/libopenstorage/cloudops/vsphere/storagemanager/vsphere.go:54.91,57.2 2 8
github.com/libopenstorage/cloudops/vsphere/storagemanager/vsphere.go:58.13,60.2 1 1
github.com/libopenstorage/cloudops/vsphere/vsphere.go:64.58,77.16 5 0
github.com/libopenstorage/cloudops/vsphere/vsphere.go:81.2,87.16 6 0
github.com/libopenstorage/cloudops/vsphere/vsphere.go:92.2,102.8 1 0
github.com/libopenstorage/cloudops/vsphere/vsphere.go:77.16,79.3 1 0
github.com/libopenstorage/cloudops/vsphere/vsphere.go:87.16,90.3 2 0
github.com/libopenstorage/cloudops/vsphere/vsphere.go:105.38,105.73 1 0
github.com/libopenstorage/cloudops/vsphere/vsphere.go:107.44,107.69 1 0
github.com/libopenstorage/cloudops/vsphere/vsphere.go:109.96,111.9 2 0
github.com/libopenstorage/cloudops/vsphere/vsphere.go:115.2,115.34 1 0
github.com/libopenstorage/cloudops/vsphere/vsphere.go:123.2,123.39 1 0
github.com/libopenstorage/cloudops/vsphere/vsphere.go:127.2,133.19 5 0
github.com/libopenstorage/cloudops/vsphere/vsphere.go:137.2,138.16 2 0
github.com/libopenstorage/cloudops/vsphere/vsphere.go:142.2,143.16 2 0
github.com/libopenstorage/cloudops/vsphere/vsphere.go:147.2,147.11 1 0
github.com/libopenstorage/cloudops/vsphere/vsphere.go:154.2,156.16 3 0
github.com/libopenstorage/cloudops/vsphere/vsphere.go:161.2,170.16 5 0
github.com/libopenstorage/cloudops/vsphere/vsphere.go:174.2,175.16 2 0
github.com/libopenstorage/cloudops/vsphere/vsphere.go:179.2,179.82 1 0
github.com/libopenstorage/cloudops/vsphere/vsphere.go:265.2,268.8 1 0
github.com/libopenstorage/cloudops/vsphere/vsphere.go:111.9,113.3 1 0
github.com/libopenstorage/cloudops/vsphere/vsphere.go:115.34,117.3 1 0
github.com/libopenstorage/cloudops/vsphere/vsphere.go:117.8,118.28 1 0
github.com/libopenstorage/cloudops/vsphere/vsphere.go:118.28,120.4 1 0
github.com/libopenstorage/cloudops/vsphere/vsphere.go:123.39,125.3 1 0
github.com/libopenstorage/cloudops/vsphere/vsphere.go:133.19,135.3 1 0
github.com/libopenstorage/cloudops/vsphere/vsphere.go:138.16,140.3 1 0
github.com/libopenstorage/cloudops/vsphere/vsphere.go:143.16,145.3 1 0
github.com/libopenstorage/cloudops/vsphere/vsphere.go:147.11,149.17 2 0
github.com/libopenstorage/cloudops/vsphere/vsphere.go:149.17,151.4 1 0
github.com/libopenstorage/cloudops/vsphere/vsphere.go:156.16,159.3 2 0
github.com/libopenstorage/cloudops/vsphere/vsphere.go:170.16,172.3 1 0
github.com/libopenstorage/cloudops/vsphere/vsphere.go:175.16,177.3 1 0
github.com/libopenstorage/cloudops/vsphere/vsphere.go:179.82,183.35 3 0
github.com/libopenstorage/cloudops/vsphere/vsphere.go:196.3,209.17 3 0
github.com/libopenstorage/cloudops/vsphere/vsphere.go:213.3,214.17 2 0
github.com/libopenstorage/cloudops/vsphere/vsphere.go:218.3,218.38 1 0
github.com/libopenstorage/cloudops/vsphere/vsphere.go:222.3,226.10 4 0
github.com/libopenstorage/cloudops/vsphere/vsphere.go:229.3,232.4 1 0
github.com/libopenstorage/cloudops/vsphere/vsphere.go:184.38,185.101 1 0
github.com/libopenstorage/cloudops/vsphere/vsphere.go:186.27,187.90 1 0
github.com/libopenstorage/cloudops/vsphere/vsphere.go:188.34,189.15 1 0
github.com/libopenstorage/cloudops/vsphere/vsphere.go:190.39,191.15 1 0
github.com/libopenstorage/cloudops/vsphere/vsphere.go:192.11,193.102 1 0
github.com/libopenstorage/cloudops/vsphere/vsphere.go:209.17,211.4 1 0
github.com/libopenstorage/cloudops/vsphere/vsphere.go:214.17,216.4 1 0
github.com/libopenstorage/cloudops/vsphere/vsphere.go:218.38,220.4 1 0
github.com/libopenstorage/cloudops/vsphere/vsphere.go:226.10,228.4 1 0
github.com/libopenstorage/cloudops/vsphere/vsphere.go:233.8,236.53 3 0
github.com/libopenstorage/cloudops/vsphere/vsphere.go:241.3,248.17 4 0
github.com/libopenstorage/cloudops/vsphere/vsphere.go:255.3,256.17 2 0
github.com/libopenstorage/cloudops/vsphere/vsphere.go:262.3,262.38 1 0
github.com/libopenstorage/cloudops/vsphere/vsphere.go:236.53,239.4 2 0
github.com/libopenstorage/cloudops/vsphere/vsphere.go:248.17,252.4 2 0
github.com/libopenstorage/cloudops/vsphere/vsphere.go:256.17,260.4 2 0
github.com/libopenstorage/cloudops/vsphere/vsphere.go:271.71,273.9 2 0
github.com/libopenstorage/cloudops/vsphere/vsphere.go:277.2,277.27 1 0
github.com/libopenstorage/cloudops/vsphere/vsphere.go:273.9,275.3 1 0
github.com/libopenstorage/cloudops/vsphere/vsphere.go:281.91,286.16 4 0
github.com/libopenstorage/cloudops/vsphere/vsphere.go:290.2,292.8 3 0
github.com/libopenstorage/cloudops/vsphere/vsphere.go:310.2,311.16 2 0
github.com/libopenstorage/cloudops/vsphere/vsphere.go:316.2,316.62 1 0
github.com/libopenstorage/cloudops/vsphere/vsphere.go:286.16,288.3 1 0
github.com/libopenstorage/cloudops/vsphere/vsphere.go:292.8,293.79 1 0
github.com/libopenstorage/cloudops/vsphere/vsphere.go:308.3,308.32 1 0
github.com/libopenstorage/cloudops/vsphere/vsphere.go:293.79,296.18 3 0
github.com/libopenstorage/cloudops/vsphere/vsphere.go:300.4,301.18 2 0
github.com/libopenstorage/cloudops/vsphere/vsphere.go:304.4,304.44 1 0
github.com/libopenstorage/cloudops/vsphere/vsphere.go:296.18,298.5 1 0
github.com/libopenstorage/cloudops/vsphere/vsphere.go:301.18,303.5 1 0
github.com/libopenstorage/cloudops/vsphere/vsphere.go:304.44,306.5 1 0
github.com/libopenstorage/cloudops/vsphere/vsphere.go:311.16,314.3 2 0
github.com/libopenstorage/cloudops/vsphere/vsphere.go:319.54,321.2 1 0
github.com/libopenstorage/cloudops/vsphere/vsphere.go:323.70,325.2 1 0
github.com/libopenstorage/cloudops/vsphere/vsphere.go:327.74,333.34 5 0
github.com/libopenstorage/cloudops/vsphere/vsphere.go:345.2,345.56 1 0
github.com/libopenstorage/cloudops/vsphere/vsphere.go:350.2,350.12 1 0
github.com/libopenstorage/cloudops/vsphere/vsphere.go:333.34,335.17 2 0
github.com/libopenstorage/cloudops/vsphere/vsphere.go:335.17,337.4 1 0
github.com/libopenstorage/cloudops/vsphere/vsphere.go:338.8,340.17 2 0
github.com/libopenstorage/cloudops/vsphere/vsphere.go:340.17,342.4 1 0
github.com/libopenstorage/cloudops/vsphere/vsphere.go:345.56,348.3 2 0
github.com/libopenstorage/cloudops/vsphere/vsphere.go:354.54,356.2 1 0
github.com/libopenstorage/cloudops/vsphere/vsphere.go:358.70,360.2 1 0
github.com/libopenstorage/cloudops/vsphere/vsphere.go:362.74,368.34 5 0
github.com/libopenstorage/cloudops/vsphere/vsphere.go:380.2,387.16 3 0
github.com/libopenstorage/cloudops/vsphere/vsphere.go:391.2,391.12 1 0
github.com/libopenstorage/cloudops/vsphere/vsphere.go:368.34,370.17 2 0
github.com/libopenstorage/cloudops/vsphere/vsphere.go:370.17,372.4 1 0
github.com/libopenstorage/cloudops/vsphere/vsphere.go:373.8,375.17 2 0
github.com/libopenstorage/cloudops/vsphere/vsphere.go:375.17,377.4 1 0
github.com/libopenstorage/cloudops/vsphere/vsphere.go:387.16,389.3 1 0
github.com/libopenstorage/cloudops/vsphere/vsphere.go:395.56,400.2 3 0
github.com/libopenstorage/cloudops/vsphere/vsphere.go:403.112,407.2 1 0
github.com/libopenstorage/cloudops/vsphere/vsphere.go:409.78,414.16 4 0
github.com/libopenstorage/cloudops/vsphere/vsphere.go:417.2,422.45 5 0
github.com/libopenstorage/cloudops/vsphere/vsphere.go:451.2,451.19 1 0
github.com/libopenstorage/cloudops/vsphere/vsphere.go:414.16,416.3 1 0
github.com/libopenstorage/cloudops/vsphere/vsphere.go:422.45,424.23 2 0
github.com/libopenstorage/cloudops/vsphere/vsphere.go:428.3,433.14 5 0
github.com/libopenstorage/cloudops/vsphere/vsphere.go:441.3,443.17 3 0
github.com/libopenstorage/cloudops/vsphere/vsphere.go:446.3,446.26 1 0
github.com/libopenstorage/cloudops/vsphere/vsphere.go:449.3,449.39 1 0
github.com/libopenstorage/cloudops/vsphere/vsphere.go:424.23,427.4 1 0
github.com/libopenstorage/cloudops/vsphere/vsphere.go:433.14,435.18 2 0
github.com/libopenstorage/cloudops/vsphere/vsphere.go:439.4,439.22 1 0
github.com/libopenstorage/cloudops/vsphere/vsphere.go:435.18,438.5 1 0
github.com/libopenstorage/cloudops/vsphere/vsphere.go:443.17,445.4 1 0
github.com/libopenstorage/cloudops/vsphere/vsphere.go:446.26,448.4 1 0
github.com/libopenstorage/cloudops/vsphere/vsphere.go:455.68,460.16 4 0
github.com/libopenstorage/cloudops/vsphere/vsphere.go:464.2,465.16 2 0
github.com/libopenstorage/cloudops/vsphere/vsphere.go:471.2,472.35 2 0
github.com/libopenstorage/cloudops/vsphere/vsphere.go:485.2,485.15 1 0
github.com/libopenstorage/cloudops/vsphere/vsphere.go:460.16,462.3 1 0
github.com/libopenstorage/cloudops/vsphere/vsphere.go:465.16,467.3 1 0
github.com/libopenstorage/cloudops/vsphere/vsphere.go:472.35,473.50 1 0
github.com/libopenstorage/cloudops/vsphere/vsphere.go:473.50,476.10 3 0
github.com/libopenstorage/cloudops/vsphere/vsphere.go:476.10,478.43 2 0
github.com/libopenstorage/cloudops/vsphere/vsphere.go:478.43,480.6 1 0
github.com/libopenstorage/cloudops/vsphere/vsphere.go:489.68,494.16 4 0
github.com/libopenstorage/cloudops/vsphere/vsphere.go:498.2,499.16 2 0
github.com/libopenstorage/cloudops/vsphere/vsphere.go:503.2,504.16 2 0
github.com/libopenstorage/cloudops/vsphere/vsphere.go:509.2,509.15 1 0
github.com/libopenstorage/cloudops/vsphere/vsphere.go:513.2,514.16 2 0
github.com/libopenstorage/cloudops/vsphere/vsphere.go:518.2,518.62 1 0
github.com/libopenstorage/cloudops/vsphere/vsphere.go:494.16,496.3 1 0
github.com/libopenstorage/cloudops/vsphere/vsphere.go:499.16,501.3 1 0
github.com/libopenstorage/cloudops/vsphere/vsphere.go:504.16,507.3 1 0
github.com/libopenstorage/cloudops/vsphere/vsphere.go:509.15,511.3 1 0
github.com/libopenstorage/cloudops/vsphere/vsphere.go:514.16,516.3 1 0
github.com/libopenstorage/cloudops/vsphere/vsphere.go:524.37,528.2 1 0
github.com/libopenstorage/cloudops/vsphere/vsphere.go:533.19,538.16 4 0
github.com/libopenstorage/cloudops/vsphere/vsphere.go:542.2,543.16 2 0
github.com/libopenstorage/cloudops/vsphere/vsphere.go:547.2,548.16 2 0
github.com/libopenstorage/cloudops/vsphere/vsphere.go:552.2,553.35 2 0
github.com/libopenstorage/cloudops/vsphere/vsphere.go:566.2,566.21 1 0
github.com/libopenstorage/cloudops/vsphere/vsphere.go:579.2,581.43 3 0
github.com/libopenstorage/cloudops/vsphere/vsphere.go:587.2,598.16 7 0
github.com/libopenstorage/cloudops/vsphere/vsphere.go:602.2,603.16 2 0
github.com/libopenstorage/cloudops/vsphere/vsphere.go:607.2,607.26 1 0
github.com/libopenstorage/cloudops/vsphere/vsphere.go:538.16,540.3 1 0
github.com/libopenstorage/cloudops/vsphere/vsphere.go:543.16,545.3 1 0
github.com/libopenstorage/cloudops/vsphere/vsphere.go:548.16,550.3 1 0
github.com/libopenstorage/cloudops/vsphere/vsphere.go:553.35,554.30 1 0
github.com/libopenstorage/cloudops/vsphere/vsphere.go:555.27,557.10 2 0
github.com/libopenstorage/cloudops/vsphere/vsphere.go:557.10,558.65 1 0
github.com/libopenstorage/cloudops/vsphere/vsphere.go:558.65,560.6 1 0
github.com/libopenstorage/cloudops/vsphere/vsphere.go:566.21,571.3 1 0
github.com/libopenstorage/cloudops/vsphere/vsphere.go:571.8,571.27 1 0
github.com/libopenstorage/cloudops/vsphere/vsphere.go:571.27,577.3 1 0
github.com/libopenstorage/cloudops/vsphere/vsphere.go:581.43,585.3 1 0
github.com/libopenstorage/cloudops/vsphere/vsphere.go:598.16,600.3 1 0
github.com/libopenstorage/cloudops/vsphere/vsphere.go:603.16,605.3 1 0
github.com/libopenstorage/cloudops/vsphere/vsphere.go:611.86,615.2 1 0
github.com/libopenstorage/cloudops/vsphere/vsphere.go:618.60,622.2 1 0
github.com/libopenstorage/cloudops/vsphere/vsphere.go:625.83,629.2 1 0
github.com/libopenstorage/cloudops/vsphere/vsphere.go:632.84,636.2 1 0
github.com/libopenstorage/cloudops/vsphere/vsphere.go:639.73,643.2 1 0
github.com/libopenstorage/cloudops/vsphere/vsphere.go:646.116,650.42 3 0
github.com/libopenstorage/cloudops/vsphere/vsphere.go:654.2,654.22 1 0
github.com/libopenstorage/cloudops/vsphere/vsphere.go:658.2,659.16 2 0
github.com/libopenstorage/cloudops/vsphere/vsphere.go:664.2,664.36 1 0
github.com/libopenstorage/cloudops/vsphere/vsphere.go:681.2,681.111 1 0
github.com/libopenstorage/cloudops/vsphere/vsphere.go:650.42,652.3 1 0
github.com/libopenstorage/cloudops/vsphere/vsphere.go:654.22,656.3 1 0
github.com/libopenstorage/cloudops/vsphere/vsphere.go:659.16,661.3 1 0
github.com/libopenstorage/cloudops/vsphere/vsphere.go:664.36,666.17 2 0
github.com/libopenstorage/cloudops/vsphere/vsphere.go:676.3,676.16 1 0
github.com/libopenstorage/cloudops/vsphere/vsphere.go:666.17,667.33 1 0
github.com/libopenstorage/cloudops/vsphere/vsphere.go:673.4,673.12 1 0
github.com/libopenstorage/cloudops/vsphere/vsphere.go:667.33,670.5 1 0
github.com/libopenstorage/cloudops/vsphere/vsphere.go:670.10,672.5 1 0
github.com/libopenstorage/cloudops/vsphere/vsphere.go:676.16,678.4 1 0
github.com/libopenstorage/cloudops/vsphere/vsphere.go:684.110,687.16 3 0
github.com/libopenstorage/cloudops/vsphere/vsphere.go:696.2,697.20 2 0
github.com/libopenstorage/cloudops/vsphere/vsphere.go:687.16,689.17 2 0
github.com/libopenstorage/cloudops/vsphere/vsphere.go:689.17,691.4 1 0
github.com/libopenstorage/cloudops/vsphere/vsphere.go:692.8,694.3 1 0
github.com/libopenstorage/cloudops/vsphere/vsphere.go:704.85,711.16 4 0
github.com/libopenstorage/cloudops/vsphere/vsphere.go:715.2,718.16 3 0
github.com/libopenstorage/cloudops/vsphere/vsphere.go:722.2,736.16 5 0
github.com/libopenstorage/cloudops/vsphere/vsphere.go:740.2,748.16 6 0
github.com/libopenstorage/cloudops/vsphere/vsphere.go:752.2,752.41 1 0
github.com/libopenstorage/cloudops/vsphere/vsphere.go:711.16,713.3 1 0
github.com/libopenstorage/cloudops/vsphere/vsphere.go:718.16,720.3 1 0
github.com/libopenstorage/cloudops/vsphere/vsphere.go:736.16,738.3 1 0
github.com/libopenstorage/cloudops/vsphere/vsphere.go:748.16,750.3 1 0
github.com/libopenstorage/cloudops/vsphere/vsphere.go:762.67,770.53 3 0
github.com/libopenstorage/cloudops/vsphere/vsphere.go:798.2,799.16 2 0
github.com/libopenstorage/cloudops/vsphere/vsphere.go:803.2,803.25 1 0
github.com/libopenstorage/cloudops/vsphere/vsphere.go:807.2,820.16 5 0
github.com/libopenstorage/cloudops/vsphere/vsphere.go:826.2,827.20 2 0
github.com/libopenstorage/cloudops/vsphere/vsphere.go:831.2,850.25 4 0
github.com/libopenstorage/cloudops/vsphere/vsphere.go:863.2,865.16 3 0
github.com/libopenstorage/cloudops/vsphere/vsphere.go:869.2,872.23 3 0
github.com/libopenstorage/cloudops/vsphere/vsphere.go:770.53,772.63 2 0
github.com/libopenstorage/cloudops/vsphere/vsphere.go:776.3,776.74 1 0
github.com/libopenstorage/cloudops/vsphere/vsphere.go:780.3,781.10 2 0
github.com/libopenstorage/cloudops/vsphere/vsphere.go:785.3,795.101 2 0
github.com/libopenstorage/cloudops/vsphere/vsphere.go:772.63,773.12 1 0
github.com/libopenstorage/cloudops/vsphere/vsphere.go:776.74,777.12 1 0
github.com/libopenstorage/cloudops/vsphere/vsphere.go:781.10,782.12 1 0
github.com/libopenstorage/cloudops/vsphere/vsphere.go:799.16,801.3 1 0
github.com/libopenstorage/cloudops/vsphere/vsphere.go:803.25,805.3 1 0
github.com/libopenstorage/cloudops/vsphere/vsphere.go:820.16,823.3 2 0
github.com/libopenstorage/cloudops/vsphere/vsphere.go:827.20,829.3 1 0
github.com/libopenstorage/cloudops/vsphere/vsphere.go:850.25,852.30 2 0
github.com/libopenstorage/cloudops/vsphere/vsphere.go:852.30,856.51 4 0
github.com/libopenstorage/cloudops/vsphere/vsphere.go:856.51,859.5 2 0
github.com/libopenstorage/cloudops/vsphere/vsphere.go:865.16,867.3 1 0
github.com/libopenstorage/cloudops/vsphere/vsphere.go:876.116,880.16 4 0
github.com/libopenstorage/cloudops/vsphere/vsphere.go:889.2,889.15 1 0
github.com/libopenstorage/cloudops/vsphere/vsphere.go:893.2,893.22 1 0
github.com/libopenstorage/cloudops/vsphere/vsphere.go:880.16,881.49 1 0
github.com/libopenstorage/cloudops/vsphere/vsphere.go:885.3,886.25 2 0
github.com/libopenstorage/cloudops/vsphere/vsphere.go:881.49,883.4 1 0
github.com/libopenstorage/cloudops/vsphere/vsphere.go:889.15,891.3 1 0
github.com/libopenstorage/cloudops/vsphere/vsphere.go:896.41,902.16 2 0
github.com/libopenstorage/cloudops/vsphere/vsphere.go:909.2,909.14 1 0
github.com/libopenstorage/cloudops/vsphere/vsphere.go:902.16,903.37 1 0
github.com/libopenstorage/cloudops/vsphere/vsphere.go:903.37,904.47 1 0
github.com/libopenstorage/cloudops/vsphere/vsphere.go:904.47,906.5 1 0
github.com/libopenstorage/cloudops/vsphere/vsphere_util.go:62.57,67.16 4 0
github.com/libopenstorage/cloudops/vsphere/vsphere_util.go:70.2,71.16 2 0
github.com/libopenstorage/cloudops/vsphere/vsphere_util.go:74.2,75.16 2 0
github.com/libopenstorage/cloudops/vsphere/vsphere_util.go:78.2,79.16 2 0
github.com/libopenstorage/cloudops/vsphere/vsphere_util.go:83.2,85.55 3 0
github.com/libopenstorage/cloudops/vsphere/vsphere_util.go:89.2,91.18 2 0
github.com/libopenstorage/cloudops/vsphere/vsphere_util.go:67.16,69.3 1 0
github.com/libopenstorage/cloudops/vsphere/vsphere_util.go:71.16,73.3 1 0
github.com/libopenstorage/cloudops/vsphere/vsphere_util.go:75.16,77.3 1 0
github.com/libopenstorage/cloudops/vsphere/vsphere_util.go:79.16,81.3 1 0
github.com/libopenstorage/cloudops/vsphere/vsphere_util.go:85.55,87.3 1 0
github.com/libopenstorage/cloudops/vsphere/vsphere_util.go:95.23,97.16 2 2
github.com/libopenstorage/cloudops/vsphere/vsphere_util.go:101.2,102.19 2 0
github.com/libopenstorage/cloudops/vsphere/vsphere_util.go:97.16,99.3 1 2
github.com/libopenstorage/cloudops/vsphere/vsphere_util.go:109.107,114.16 5 0
github.com/libopenstorage/cloudops/vsphere/vsphere_util.go:117.2,118.22 2 0
github.com/libopenstorage/cloudops/vsphere/vsphere_util.go:121.2,124.21 4 0
github.com/libopenstorage/cloudops/vsphere/vsphere_util.go:129.2,129.39 1 0
github.com/libopenstorage/cloudops/vsphere/vsphere_util.go:149.2,150.43 2 0
github.com/libopenstorage/cloudops/vsphere/vsphere_util.go:154.2,154.33 1 0
github.com/libopenstorage/cloudops/vsphere/vsphere_util.go:114.16,116.3 1 0
github.com/libopenstorage/cloudops/vsphere/vsphere_util.go:118.22,120.3 1 0
github.com/libopenstorage/cloudops/vsphere/vsphere_util.go:124.21,126.3 1 0
github.com/libopenstorage/cloudops/vsphere/vsphere_util.go:129.39,130.35 1 0
github.com/libopenstorage/cloudops/vsphere/vsphere_util.go:141.3,142.21 2 0
github.com/libopenstorage/cloudops/vsphere/vsphere_util.go:145.3,146.79 2 0
github.com/libopenstorage/cloudops/vsphere/vsphere_util.go:130.35,135.18 3 0
github.com/libopenstorage/cloudops/vsphere/vsphere_util.go:135.18,139.5 3 0
github.com/libopenstorage/cloudops/vsphere/vsphere_util.go:142.21,144.4 1 0
github.com/libopenstorage/cloudops/vsphere/vsphere_util.go:150.43,153.3 1 0
github.com/libopenstorage/cloudops/vsphere/vsphere_util.go:161.19,163.28 2 0
github.com/libopenstorage/cloudops/vsphere/vsphere_util.go:167.2,167.40 1 0
github.com/libopenstorage/cloudops/vsphere/vsphere_util.go:163.28,166.3 2 0
github.com/libopenstorage/cloudops/vsphere/vsphere_util.go:176.48,180.16 4 0
github.com/libopenstorage/cloudops/vsphere/vsphere_util.go:185.2,185.30 1 0
github.com/libopenstorage/cloudops/vsphere/vsphere_util.go:180.16,184.3 2 0
